{"C:\\Users\\vansh\\OneDrive\\Desktop\\React-Native\\Palloti hackathon\\project-03\\app.js": {"path":"C:\\Users\\vansh\\OneDrive\\Desktop\\React-Native\\Palloti hackathon\\project-03\\app.js","statementMap":{"0":{"start":{"line":1,"column":16},"end":{"line":1,"column":34}},"1":{"start":{"line":2,"column":13},"end":{"line":2,"column":28}},"2":{"start":{"line":3,"column":15},"end":{"line":3,"column":32}},"3":{"start":{"line":4,"column":15},"end":{"line":4,"column":32}},"4":{"start":{"line":5,"column":13},"end":{"line":5,"column":28}},"5":{"start":{"line":6,"column":11},"end":{"line":6,"column":24}},"6":{"start":{"line":8,"column":21},"end":{"line":8,"column":57}},"7":{"start":{"line":9,"column":22},"end":{"line":9,"column":55}},"8":{"start":{"line":10,"column":25},"end":{"line":10,"column":61}},"9":{"start":{"line":11,"column":20},"end":{"line":11,"column":51}},"10":{"start":{"line":12,"column":29},"end":{"line":12,"column":69}},"11":{"start":{"line":13,"column":19},"end":{"line":13,"column":49}},"12":{"start":{"line":14,"column":19},"end":{"line":14,"column":49}},"13":{"start":{"line":17,"column":14},"end":{"line":17,"column":23}},"14":{"start":{"line":19,"column":2},"end":{"line":19,"column":20}},"15":{"start":{"line":20,"column":2},"end":{"line":25,"column":4}},"16":{"start":{"line":26,"column":2},"end":{"line":26,"column":25}},"17":{"start":{"line":27,"column":2},"end":{"line":27,"column":26}},"18":{"start":{"line":28,"column":2},"end":{"line":28,"column":50}},"19":{"start":{"line":30,"column":2},"end":{"line":32,"column":5}},"20":{"start":{"line":31,"column":4},"end":{"line":31,"column":77}},"21":{"start":{"line":34,"column":2},"end":{"line":34,"column":35}},"22":{"start":{"line":35,"column":2},"end":{"line":35,"column":35}},"23":{"start":{"line":36,"column":2},"end":{"line":36,"column":42}},"24":{"start":{"line":37,"column":2},"end":{"line":37,"column":48}},"25":{"start":{"line":38,"column":2},"end":{"line":38,"column":38}},"26":{"start":{"line":39,"column":2},"end":{"line":39,"column":56}},"27":{"start":{"line":41,"column":21},"end":{"line":41,"column":59}},"28":{"start":{"line":42,"column":2},"end":{"line":44,"column":3}},"29":{"start":{"line":43,"column":4},"end":{"line":43,"column":40}},"30":{"start":{"line":46,"column":2},"end":{"line":55,"column":5}},"31":{"start":{"line":47,"column":4},"end":{"line":49,"column":5}},"32":{"start":{"line":48,"column":6},"end":{"line":48,"column":82}},"33":{"start":{"line":50,"column":22},"end":{"line":50,"column":57}},"34":{"start":{"line":51,"column":4},"end":{"line":53,"column":5}},"35":{"start":{"line":52,"column":6},"end":{"line":52,"column":37}},"36":{"start":{"line":54,"column":4},"end":{"line":54,"column":80}},"37":{"start":{"line":57,"column":2},"end":{"line":57,"column":24}},"38":{"start":{"line":59,"column":2},"end":{"line":59,"column":13}},"39":{"start":{"line":62,"column":0},"end":{"line":62,"column":31}}},"fnMap":{"0":{"name":"createApp","decl":{"start":{"line":16,"column":9},"end":{"line":16,"column":18}},"loc":{"start":{"line":16,"column":21},"end":{"line":60,"column":1}},"line":16},"1":{"name":"(anonymous_1)","decl":{"start":{"line":30,"column":21},"end":{"line":30,"column":22}},"loc":{"start":{"line":30,"column":35},"end":{"line":32,"column":3}},"line":30},"2":{"name":"(anonymous_2)","decl":{"start":{"line":46,"column":10},"end":{"line":46,"column":11}},"loc":{"start":{"line":46,"column":30},"end":{"line":55,"column":3}},"line":46}},"branchMap":{"0":{"loc":{"start":{"line":22,"column":14},"end":{"line":22,"column":47}},"type":"binary-expr","locations":[{"start":{"line":22,"column":14},"end":{"line":22,"column":39}},{"start":{"line":22,"column":43},"end":{"line":22,"column":47}}],"line":22},"1":{"loc":{"start":{"line":42,"column":2},"end":{"line":44,"column":3}},"type":"if","locations":[{"start":{"line":42,"column":2},"end":{"line":44,"column":3}},{"start":{},"end":{}}],"line":42},"2":{"loc":{"start":{"line":47,"column":4},"end":{"line":49,"column":5}},"type":"if","locations":[{"start":{"line":47,"column":4},"end":{"line":49,"column":5}},{"start":{},"end":{}}],"line":47},"3":{"loc":{"start":{"line":51,"column":4},"end":{"line":53,"column":5}},"type":"if","locations":[{"start":{"line":51,"column":4},"end":{"line":53,"column":5}},{"start":{},"end":{}}],"line":51}},"s":{"0":1,"1":1,"2":1,"3":1,"4":1,"5":1,"6":1,"7":1,"8":1,"9":1,"10":1,"11":1,"12":1,"13":1,"14":1,"15":1,"16":1,"17":1,"18":1,"19":1,"20":1,"21":1,"22":1,"23":1,"24":1,"25":1,"26":1,"27":1,"28":1,"29":1,"30":1,"31":0,"32":0,"33":0,"34":0,"35":0,"36":0,"37":1,"38":1,"39":1},"f":{"0":1,"1":1,"2":0},"b":{"0":[1,1],"1":[1,0],"2":[0,0],"3":[0,0]},"_coverageSchema":"1a1c01bbd47fc00a2c39e90264f33305004495a9","hash":"bad72843a9229a6877e04de24d1197ea6fa745be"}
,"C:\\Users\\vansh\\OneDrive\\Desktop\\React-Native\\Palloti hackathon\\project-03\\middleware\\auth.js": {"path":"C:\\Users\\vansh\\OneDrive\\Desktop\\React-Native\\Palloti hackathon\\project-03\\middleware\\auth.js","statementMap":{"0":{"start":{"line":1,"column":12},"end":{"line":1,"column":35}},"1":{"start":{"line":4,"column":12},"end":{"line":4,"column":34}},"2":{"start":{"line":5,"column":2},"end":{"line":5,"column":51}},"3":{"start":{"line":5,"column":10},"end":{"line":5,"column":51}},"4":{"start":{"line":6,"column":2},"end":{"line":6,"column":11}},"5":{"start":{"line":10,"column":2},"end":{"line":10,"column":64}},"6":{"start":{"line":14,"column":12},"end":{"line":14,"column":37}},"7":{"start":{"line":15,"column":2},"end":{"line":17,"column":3}},"8":{"start":{"line":16,"column":4},"end":{"line":16,"column":77}},"9":{"start":{"line":18,"column":2},"end":{"line":24,"column":3}},"10":{"start":{"line":19,"column":18},"end":{"line":19,"column":28}},"11":{"start":{"line":20,"column":4},"end":{"line":20,"column":49}},"12":{"start":{"line":21,"column":4},"end":{"line":21,"column":11}},"13":{"start":{"line":23,"column":4},"end":{"line":23,"column":89}},"14":{"start":{"line":28,"column":14},"end":{"line":28,"column":34}},"15":{"start":{"line":29,"column":2},"end":{"line":31,"column":3}},"16":{"start":{"line":30,"column":4},"end":{"line":30,"column":86}},"17":{"start":{"line":32,"column":2},"end":{"line":32,"column":9}},"18":{"start":{"line":35,"column":0},"end":{"line":35,"column":65}}},"fnMap":{"0":{"name":"getJwtSecret","decl":{"start":{"line":3,"column":9},"end":{"line":3,"column":21}},"loc":{"start":{"line":3,"column":24},"end":{"line":7,"column":1}},"line":3},"1":{"name":"signToken","decl":{"start":{"line":9,"column":9},"end":{"line":9,"column":18}},"loc":{"start":{"line":9,"column":28},"end":{"line":11,"column":1}},"line":9},"2":{"name":"authRequired","decl":{"start":{"line":13,"column":9},"end":{"line":13,"column":21}},"loc":{"start":{"line":13,"column":38},"end":{"line":25,"column":1}},"line":13},"3":{"name":"ensurePatientMatch","decl":{"start":{"line":27,"column":9},"end":{"line":27,"column":27}},"loc":{"start":{"line":27,"column":44},"end":{"line":33,"column":1}},"line":27}},"branchMap":{"0":{"loc":{"start":{"line":5,"column":2},"end":{"line":5,"column":51}},"type":"if","locations":[{"start":{"line":5,"column":2},"end":{"line":5,"column":51}},{"start":{},"end":{}}],"line":5},"1":{"loc":{"start":{"line":15,"column":2},"end":{"line":17,"column":3}},"type":"if","locations":[{"start":{"line":15,"column":2},"end":{"line":17,"column":3}},{"start":{},"end":{}}],"line":15},"2":{"loc":{"start":{"line":15,"column":6},"end":{"line":15,"column":36}},"type":"binary-expr","locations":[{"start":{"line":15,"column":6},"end":{"line":15,"column":8}},{"start":{"line":15,"column":12},"end":{"line":15,"column":36}}],"line":15},"3":{"loc":{"start":{"line":29,"column":2},"end":{"line":31,"column":3}},"type":"if","locations":[{"start":{"line":29,"column":2},"end":{"line":31,"column":3}},{"start":{},"end":{}}],"line":29},"4":{"loc":{"start":{"line":29,"column":6},"end":{"line":29,"column":56}},"type":"binary-expr","locations":[{"start":{"line":29,"column":6},"end":{"line":29,"column":10}},{"start":{"line":29,"column":14},"end":{"line":29,"column":56}}],"line":29}},"s":{"0":2,"1":1,"2":1,"3":0,"4":1,"5":1,"6":1,"7":1,"8":1,"9":0,"10":0,"11":0,"12":0,"13":0,"14":0,"15":0,"16":0,"17":0,"18":2},"f":{"0":1,"1":1,"2":1,"3":0},"b":{"0":[0,1],"1":[1,0],"2":[1,0],"3":[0,0],"4":[0,0]},"_coverageSchema":"1a1c01bbd47fc00a2c39e90264f33305004495a9","hash":"3d5c7f29b890022c91df6e1eefa7dcb536259f0c"}
,"C:\\Users\\vansh\\OneDrive\\Desktop\\React-Native\\Palloti hackathon\\project-03\\middleware\\errorHandler.js": {"path":"C:\\Users\\vansh\\OneDrive\\Desktop\\React-Native\\Palloti hackathon\\project-03\\middleware\\errorHandler.js","statementMap":{"0":{"start":{"line":1,"column":21},"end":{"line":10,"column":1}},"1":{"start":{"line":2,"column":19},"end":{"line":2,"column":40}},"2":{"start":{"line":3,"column":2},"end":{"line":3,"column":83}},"3":{"start":{"line":3,"column":66},"end":{"line":3,"column":83}},"4":{"start":{"line":5,"column":2},"end":{"line":9,"column":5}},"5":{"start":{"line":12,"column":0},"end":{"line":12,"column":30}}},"fnMap":{"0":{"name":"(anonymous_0)","decl":{"start":{"line":1,"column":21},"end":{"line":1,"column":22}},"loc":{"start":{"line":1,"column":46},"end":{"line":10,"column":1}},"line":1}},"branchMap":{"0":{"loc":{"start":{"line":2,"column":19},"end":{"line":2,"column":40}},"type":"binary-expr","locations":[{"start":{"line":2,"column":19},"end":{"line":2,"column":33}},{"start":{"line":2,"column":37},"end":{"line":2,"column":40}}],"line":2},"1":{"loc":{"start":{"line":3,"column":2},"end":{"line":3,"column":83}},"type":"if","locations":[{"start":{"line":3,"column":2},"end":{"line":3,"column":83}},{"start":{},"end":{}}],"line":3},"2":{"loc":{"start":{"line":3,"column":6},"end":{"line":3,"column":64}},"type":"binary-expr","locations":[{"start":{"line":3,"column":6},"end":{"line":3,"column":36}},{"start":{"line":3,"column":40},"end":{"line":3,"column":64}}],"line":3},"3":{"loc":{"start":{"line":7,"column":13},"end":{"line":7,"column":51}},"type":"binary-expr","locations":[{"start":{"line":7,"column":13},"end":{"line":7,"column":24}},{"start":{"line":7,"column":28},"end":{"line":7,"column":51}}],"line":7},"4":{"loc":{"start":{"line":8,"column":8},"end":{"line":8,"column":70}},"type":"binary-expr","locations":[{"start":{"line":8,"column":8},"end":{"line":8,"column":46}},{"start":{"line":8,"column":50},"end":{"line":8,"column":70}}],"line":8}},"s":{"0":1,"1":0,"2":0,"3":0,"4":0,"5":1},"f":{"0":0},"b":{"0":[0,0],"1":[0,0],"2":[0,0],"3":[0,0],"4":[0,0]},"_coverageSchema":"1a1c01bbd47fc00a2c39e90264f33305004495a9","hash":"9d56543532d818ef6ad53c09cc15b7fcf474d469"}
,"C:\\Users\\vansh\\OneDrive\\Desktop\\React-Native\\Palloti hackathon\\project-03\\routes\\authRoutes.js": {"path":"C:\\Users\\vansh\\OneDrive\\Desktop\\React-Native\\Palloti hackathon\\project-03\\routes\\authRoutes.js","statementMap":{"0":{"start":{"line":1,"column":16},"end":{"line":1,"column":34}},"1":{"start":{"line":2,"column":15},"end":{"line":2,"column":34}},"2":{"start":{"line":3,"column":16},"end":{"line":3,"column":44}},"3":{"start":{"line":4,"column":13},"end":{"line":4,"column":38}},"4":{"start":{"line":5,"column":22},"end":{"line":5,"column":51}},"5":{"start":{"line":7,"column":15},"end":{"line":7,"column":31}},"6":{"start":{"line":9,"column":0},"end":{"line":55,"column":3}},"7":{"start":{"line":10,"column":2},"end":{"line":54,"column":3}},"8":{"start":{"line":11,"column":42},"end":{"line":11,"column":56}},"9":{"start":{"line":12,"column":4},"end":{"line":17,"column":5}},"10":{"start":{"line":13,"column":6},"end":{"line":16,"column":9}},"11":{"start":{"line":18,"column":21},"end":{"line":18,"column":86}},"12":{"start":{"line":19,"column":4},"end":{"line":21,"column":5}},"13":{"start":{"line":20,"column":6},"end":{"line":20,"column":91}},"14":{"start":{"line":23,"column":20},"end":{"line":26,"column":6}},"15":{"start":{"line":28,"column":25},"end":{"line":28,"column":64}},"16":{"start":{"line":29,"column":17},"end":{"line":34,"column":6}},"17":{"start":{"line":36,"column":18},"end":{"line":40,"column":6}},"18":{"start":{"line":42,"column":4},"end":{"line":51,"column":7}},"19":{"start":{"line":53,"column":4},"end":{"line":53,"column":12}},"20":{"start":{"line":57,"column":0},"end":{"line":91,"column":3}},"21":{"start":{"line":58,"column":2},"end":{"line":90,"column":3}},"22":{"start":{"line":59,"column":32},"end":{"line":59,"column":46}},"23":{"start":{"line":60,"column":4},"end":{"line":62,"column":5}},"24":{"start":{"line":61,"column":6},"end":{"line":61,"column":94}},"25":{"start":{"line":63,"column":17},"end":{"line":63,"column":82}},"26":{"start":{"line":64,"column":4},"end":{"line":66,"column":5}},"27":{"start":{"line":65,"column":6},"end":{"line":65,"column":86}},"28":{"start":{"line":67,"column":15},"end":{"line":67,"column":72}},"29":{"start":{"line":68,"column":4},"end":{"line":70,"column":5}},"30":{"start":{"line":69,"column":6},"end":{"line":69,"column":86}},"31":{"start":{"line":72,"column":18},"end":{"line":76,"column":6}},"32":{"start":{"line":78,"column":4},"end":{"line":87,"column":7}},"33":{"start":{"line":89,"column":4},"end":{"line":89,"column":12}},"34":{"start":{"line":94,"column":0},"end":{"line":99,"column":3}},"35":{"start":{"line":95,"column":2},"end":{"line":98,"column":5}},"36":{"start":{"line":101,"column":0},"end":{"line":101,"column":24}}},"fnMap":{"0":{"name":"(anonymous_0)","decl":{"start":{"line":9,"column":25},"end":{"line":9,"column":26}},"loc":{"start":{"line":9,"column":51},"end":{"line":55,"column":1}},"line":9},"1":{"name":"(anonymous_1)","decl":{"start":{"line":57,"column":22},"end":{"line":57,"column":23}},"loc":{"start":{"line":57,"column":48},"end":{"line":91,"column":1}},"line":57},"2":{"name":"(anonymous_2)","decl":{"start":{"line":94,"column":23},"end":{"line":94,"column":24}},"loc":{"start":{"line":94,"column":37},"end":{"line":99,"column":1}},"line":94}},"branchMap":{"0":{"loc":{"start":{"line":11,"column":42},"end":{"line":11,"column":56}},"type":"binary-expr","locations":[{"start":{"line":11,"column":42},"end":{"line":11,"column":50}},{"start":{"line":11,"column":54},"end":{"line":11,"column":56}}],"line":11},"1":{"loc":{"start":{"line":12,"column":4},"end":{"line":17,"column":5}},"type":"if","locations":[{"start":{"line":12,"column":4},"end":{"line":17,"column":5}},{"start":{},"end":{}}],"line":12},"2":{"loc":{"start":{"line":12,"column":8},"end":{"line":12,"column":40}},"type":"binary-expr","locations":[{"start":{"line":12,"column":8},"end":{"line":12,"column":14}},{"start":{"line":12,"column":18},"end":{"line":12,"column":27}},{"start":{"line":12,"column":31},"end":{"line":12,"column":40}}],"line":12},"3":{"loc":{"start":{"line":19,"column":4},"end":{"line":21,"column":5}},"type":"if","locations":[{"start":{"line":19,"column":4},"end":{"line":21,"column":5}},{"start":{},"end":{}}],"line":19},"4":{"loc":{"start":{"line":59,"column":32},"end":{"line":59,"column":46}},"type":"binary-expr","locations":[{"start":{"line":59,"column":32},"end":{"line":59,"column":40}},{"start":{"line":59,"column":44},"end":{"line":59,"column":46}}],"line":59},"5":{"loc":{"start":{"line":60,"column":4},"end":{"line":62,"column":5}},"type":"if","locations":[{"start":{"line":60,"column":4},"end":{"line":62,"column":5}},{"start":{},"end":{}}],"line":60},"6":{"loc":{"start":{"line":60,"column":8},"end":{"line":60,"column":27}},"type":"binary-expr","locations":[{"start":{"line":60,"column":8},"end":{"line":60,"column":14}},{"start":{"line":60,"column":18},"end":{"line":60,"column":27}}],"line":60},"7":{"loc":{"start":{"line":64,"column":4},"end":{"line":66,"column":5}},"type":"if","locations":[{"start":{"line":64,"column":4},"end":{"line":66,"column":5}},{"start":{},"end":{}}],"line":64},"8":{"loc":{"start":{"line":64,"column":8},"end":{"line":64,"column":35}},"type":"binary-expr","locations":[{"start":{"line":64,"column":8},"end":{"line":64,"column":13}},{"start":{"line":64,"column":17},"end":{"line":64,"column":35}}],"line":64},"9":{"loc":{"start":{"line":68,"column":4},"end":{"line":70,"column":5}},"type":"if","locations":[{"start":{"line":68,"column":4},"end":{"line":70,"column":5}},{"start":{},"end":{}}],"line":68}},"s":{"0":1,"1":1,"2":1,"3":1,"4":1,"5":1,"6":1,"7":0,"8":0,"9":0,"10":0,"11":0,"12":0,"13":0,"14":0,"15":0,"16":0,"17":0,"18":0,"19":0,"20":1,"21":0,"22":0,"23":0,"24":0,"25":0,"26":0,"27":0,"28":0,"29":0,"30":0,"31":0,"32":0,"33":0,"34":1,"35":0,"36":1},"f":{"0":0,"1":0,"2":0},"b":{"0":[0,0],"1":[0,0],"2":[0,0,0],"3":[0,0],"4":[0,0],"5":[0,0],"6":[0,0],"7":[0,0],"8":[0,0],"9":[0,0]},"_coverageSchema":"1a1c01bbd47fc00a2c39e90264f33305004495a9","hash":"84505a9479d3922787737a377f2163c53f823b3c"}
,"C:\\Users\\vansh\\OneDrive\\Desktop\\React-Native\\Palloti hackathon\\project-03\\routes\\chatRoutes.js": {"path":"C:\\Users\\vansh\\OneDrive\\Desktop\\React-Native\\Palloti hackathon\\project-03\\routes\\chatRoutes.js","statementMap":{"0":{"start":{"line":1,"column":16},"end":{"line":1,"column":34}},"1":{"start":{"line":2,"column":16},"end":{"line":2,"column":44}},"2":{"start":{"line":3,"column":25},"end":{"line":3,"column":54}},"3":{"start":{"line":4,"column":30},"end":{"line":4,"column":66}},"4":{"start":{"line":6,"column":15},"end":{"line":6,"column":31}},"5":{"start":{"line":8,"column":0},"end":{"line":32,"column":3}},"6":{"start":{"line":9,"column":2},"end":{"line":31,"column":3}},"7":{"start":{"line":10,"column":67},"end":{"line":10,"column":81}},"8":{"start":{"line":11,"column":4},"end":{"line":13,"column":5}},"9":{"start":{"line":12,"column":6},"end":{"line":12,"column":90}},"10":{"start":{"line":15,"column":25},"end":{"line":15,"column":29}},"11":{"start":{"line":16,"column":4},"end":{"line":25,"column":5}},"12":{"start":{"line":17,"column":16},"end":{"line":17,"column":65}},"13":{"start":{"line":18,"column":6},"end":{"line":24,"column":7}},"14":{"start":{"line":19,"column":8},"end":{"line":23,"column":10}},"15":{"start":{"line":27,"column":18},"end":{"line":27,"column":90}},"16":{"start":{"line":28,"column":4},"end":{"line":28,"column":67}},"17":{"start":{"line":30,"column":4},"end":{"line":30,"column":12}},"18":{"start":{"line":34,"column":0},"end":{"line":34,"column":24}}},"fnMap":{"0":{"name":"(anonymous_0)","decl":{"start":{"line":8,"column":37},"end":{"line":8,"column":38}},"loc":{"start":{"line":8,"column":63},"end":{"line":32,"column":1}},"line":8}},"branchMap":{"0":{"loc":{"start":{"line":10,"column":67},"end":{"line":10,"column":81}},"type":"binary-expr","locations":[{"start":{"line":10,"column":67},"end":{"line":10,"column":75}},{"start":{"line":10,"column":79},"end":{"line":10,"column":81}}],"line":10},"1":{"loc":{"start":{"line":11,"column":4},"end":{"line":13,"column":5}},"type":"if","locations":[{"start":{"line":11,"column":4},"end":{"line":13,"column":5}},{"start":{},"end":{}}],"line":11},"2":{"loc":{"start":{"line":11,"column":8},"end":{"line":11,"column":57}},"type":"binary-expr","locations":[{"start":{"line":11,"column":8},"end":{"line":11,"column":32}},{"start":{"line":11,"column":36},"end":{"line":11,"column":57}}],"line":11},"3":{"loc":{"start":{"line":16,"column":4},"end":{"line":25,"column":5}},"type":"if","locations":[{"start":{"line":16,"column":4},"end":{"line":25,"column":5}},{"start":{},"end":{}}],"line":16},"4":{"loc":{"start":{"line":16,"column":8},"end":{"line":16,"column":51}},"type":"binary-expr","locations":[{"start":{"line":16,"column":8},"end":{"line":16,"column":29}},{"start":{"line":16,"column":33},"end":{"line":16,"column":51}}],"line":16},"5":{"loc":{"start":{"line":18,"column":6},"end":{"line":24,"column":7}},"type":"if","locations":[{"start":{"line":18,"column":6},"end":{"line":24,"column":7}},{"start":{},"end":{}}],"line":18}},"s":{"0":1,"1":1,"2":1,"3":1,"4":1,"5":1,"6":0,"7":0,"8":0,"9":0,"10":0,"11":0,"12":0,"13":0,"14":0,"15":0,"16":0,"17":0,"18":1},"f":{"0":0},"b":{"0":[0,0],"1":[0,0],"2":[0,0],"3":[0,0],"4":[0,0],"5":[0,0]},"_coverageSchema":"1a1c01bbd47fc00a2c39e90264f33305004495a9","hash":"7f4af8772046e730513c2d6d2360d7450b99dd82"}
,"C:\\Users\\vansh\\OneDrive\\Desktop\\React-Native\\Palloti hackathon\\project-03\\routes\\graphRoutes.js": {"path":"C:\\Users\\vansh\\OneDrive\\Desktop\\React-Native\\Palloti hackathon\\project-03\\routes\\graphRoutes.js","statementMap":{"0":{"start":{"line":1,"column":16},"end":{"line":1,"column":34}},"1":{"start":{"line":2,"column":23},"end":{"line":2,"column":58}},"2":{"start":{"line":3,"column":33},"end":{"line":3,"column":77}},"3":{"start":{"line":5,"column":15},"end":{"line":5,"column":31}},"4":{"start":{"line":7,"column":0},"end":{"line":18,"column":3}},"5":{"start":{"line":8,"column":2},"end":{"line":17,"column":3}},"6":{"start":{"line":9,"column":4},"end":{"line":9,"column":19}},"7":{"start":{"line":10,"column":18},"end":{"line":10,"column":38}},"8":{"start":{"line":11,"column":4},"end":{"line":13,"column":5}},"9":{"start":{"line":12,"column":6},"end":{"line":12,"column":92}},"10":{"start":{"line":14,"column":4},"end":{"line":14,"column":45}},"11":{"start":{"line":16,"column":4},"end":{"line":16,"column":12}},"12":{"start":{"line":20,"column":0},"end":{"line":27,"column":3}},"13":{"start":{"line":21,"column":2},"end":{"line":26,"column":3}},"14":{"start":{"line":22,"column":19},"end":{"line":22,"column":70}},"15":{"start":{"line":23,"column":4},"end":{"line":23,"column":46}},"16":{"start":{"line":25,"column":4},"end":{"line":25,"column":12}},"17":{"start":{"line":29,"column":0},"end":{"line":37,"column":3}},"18":{"start":{"line":30,"column":2},"end":{"line":36,"column":3}},"19":{"start":{"line":31,"column":18},"end":{"line":31,"column":62}},"20":{"start":{"line":32,"column":4},"end":{"line":32,"column":102}},"21":{"start":{"line":32,"column":16},"end":{"line":32,"column":102}},"22":{"start":{"line":33,"column":4},"end":{"line":33,"column":45}},"23":{"start":{"line":35,"column":4},"end":{"line":35,"column":12}},"24":{"start":{"line":39,"column":0},"end":{"line":46,"column":3}},"25":{"start":{"line":40,"column":2},"end":{"line":45,"column":3}},"26":{"start":{"line":41,"column":18},"end":{"line":41,"column":55}},"27":{"start":{"line":42,"column":4},"end":{"line":42,"column":57}},"28":{"start":{"line":44,"column":4},"end":{"line":44,"column":12}},"29":{"start":{"line":48,"column":0},"end":{"line":59,"column":3}},"30":{"start":{"line":49,"column":2},"end":{"line":58,"column":3}},"31":{"start":{"line":50,"column":18},"end":{"line":53,"column":6}},"32":{"start":{"line":54,"column":4},"end":{"line":54,"column":102}},"33":{"start":{"line":54,"column":16},"end":{"line":54,"column":102}},"34":{"start":{"line":55,"column":4},"end":{"line":55,"column":45}},"35":{"start":{"line":57,"column":4},"end":{"line":57,"column":12}},"36":{"start":{"line":61,"column":0},"end":{"line":69,"column":3}},"37":{"start":{"line":62,"column":2},"end":{"line":68,"column":3}},"38":{"start":{"line":63,"column":18},"end":{"line":63,"column":71}},"39":{"start":{"line":64,"column":4},"end":{"line":64,"column":102}},"40":{"start":{"line":64,"column":16},"end":{"line":64,"column":102}},"41":{"start":{"line":65,"column":4},"end":{"line":65,"column":68}},"42":{"start":{"line":67,"column":4},"end":{"line":67,"column":12}},"43":{"start":{"line":71,"column":0},"end":{"line":71,"column":24}}},"fnMap":{"0":{"name":"(anonymous_0)","decl":{"start":{"line":7,"column":29},"end":{"line":7,"column":30}},"loc":{"start":{"line":7,"column":55},"end":{"line":18,"column":1}},"line":7},"1":{"name":"(anonymous_1)","decl":{"start":{"line":20,"column":16},"end":{"line":20,"column":17}},"loc":{"start":{"line":20,"column":42},"end":{"line":27,"column":1}},"line":20},"2":{"name":"(anonymous_2)","decl":{"start":{"line":29,"column":19},"end":{"line":29,"column":20}},"loc":{"start":{"line":29,"column":45},"end":{"line":37,"column":1}},"line":29},"3":{"name":"(anonymous_3)","decl":{"start":{"line":39,"column":17},"end":{"line":39,"column":18}},"loc":{"start":{"line":39,"column":43},"end":{"line":46,"column":1}},"line":39},"4":{"name":"(anonymous_4)","decl":{"start":{"line":48,"column":19},"end":{"line":48,"column":20}},"loc":{"start":{"line":48,"column":45},"end":{"line":59,"column":1}},"line":48},"5":{"name":"(anonymous_5)","decl":{"start":{"line":61,"column":22},"end":{"line":61,"column":23}},"loc":{"start":{"line":61,"column":48},"end":{"line":69,"column":1}},"line":61}},"branchMap":{"0":{"loc":{"start":{"line":11,"column":4},"end":{"line":13,"column":5}},"type":"if","locations":[{"start":{"line":11,"column":4},"end":{"line":13,"column":5}},{"start":{},"end":{}}],"line":11},"1":{"loc":{"start":{"line":32,"column":4},"end":{"line":32,"column":102}},"type":"if","locations":[{"start":{"line":32,"column":4},"end":{"line":32,"column":102}},{"start":{},"end":{}}],"line":32},"2":{"loc":{"start":{"line":54,"column":4},"end":{"line":54,"column":102}},"type":"if","locations":[{"start":{"line":54,"column":4},"end":{"line":54,"column":102}},{"start":{},"end":{}}],"line":54},"3":{"loc":{"start":{"line":64,"column":4},"end":{"line":64,"column":102}},"type":"if","locations":[{"start":{"line":64,"column":4},"end":{"line":64,"column":102}},{"start":{},"end":{}}],"line":64}},"s":{"0":1,"1":1,"2":1,"3":1,"4":1,"5":0,"6":0,"7":0,"8":0,"9":0,"10":0,"11":0,"12":1,"13":0,"14":0,"15":0,"16":0,"17":1,"18":0,"19":0,"20":0,"21":0,"22":0,"23":0,"24":1,"25":0,"26":0,"27":0,"28":0,"29":1,"30":0,"31":0,"32":0,"33":0,"34":0,"35":0,"36":1,"37":0,"38":0,"39":0,"40":0,"41":0,"42":0,"43":1},"f":{"0":0,"1":0,"2":0,"3":0,"4":0,"5":0},"b":{"0":[0,0],"1":[0,0],"2":[0,0],"3":[0,0]},"_coverageSchema":"1a1c01bbd47fc00a2c39e90264f33305004495a9","hash":"7f5b27ff98c2d9cb626d05a7866758c34785ec4e"}
,"C:\\Users\\vansh\\OneDrive\\Desktop\\React-Native\\Palloti hackathon\\project-03\\routes\\patientRoutes.js": {"path":"C:\\Users\\vansh\\OneDrive\\Desktop\\React-Native\\Palloti hackathon\\project-03\\routes\\patientRoutes.js","statementMap":{"0":{"start":{"line":1,"column":16},"end":{"line":1,"column":34}},"1":{"start":{"line":2,"column":16},"end":{"line":2,"column":44}},"2":{"start":{"line":4,"column":15},"end":{"line":4,"column":31}},"3":{"start":{"line":6,"column":0},"end":{"line":13,"column":3}},"4":{"start":{"line":7,"column":2},"end":{"line":12,"column":3}},"5":{"start":{"line":8,"column":21},"end":{"line":8,"column":65}},"6":{"start":{"line":9,"column":4},"end":{"line":9,"column":48}},"7":{"start":{"line":11,"column":4},"end":{"line":11,"column":12}},"8":{"start":{"line":15,"column":0},"end":{"line":23,"column":3}},"9":{"start":{"line":16,"column":2},"end":{"line":22,"column":3}},"10":{"start":{"line":17,"column":20},"end":{"line":17,"column":57}},"11":{"start":{"line":18,"column":4},"end":{"line":18,"column":96}},"12":{"start":{"line":18,"column":18},"end":{"line":18,"column":96}},"13":{"start":{"line":19,"column":4},"end":{"line":19,"column":47}},"14":{"start":{"line":21,"column":4},"end":{"line":21,"column":12}},"15":{"start":{"line":25,"column":0},"end":{"line":32,"column":3}},"16":{"start":{"line":26,"column":2},"end":{"line":31,"column":3}},"17":{"start":{"line":27,"column":20},"end":{"line":27,"column":50}},"18":{"start":{"line":28,"column":4},"end":{"line":28,"column":59}},"19":{"start":{"line":30,"column":4},"end":{"line":30,"column":12}},"20":{"start":{"line":34,"column":0},"end":{"line":45,"column":3}},"21":{"start":{"line":35,"column":2},"end":{"line":44,"column":3}},"22":{"start":{"line":36,"column":20},"end":{"line":39,"column":6}},"23":{"start":{"line":40,"column":4},"end":{"line":40,"column":96}},"24":{"start":{"line":40,"column":18},"end":{"line":40,"column":96}},"25":{"start":{"line":41,"column":4},"end":{"line":41,"column":47}},"26":{"start":{"line":43,"column":4},"end":{"line":43,"column":12}},"27":{"start":{"line":47,"column":0},"end":{"line":55,"column":3}},"28":{"start":{"line":48,"column":2},"end":{"line":54,"column":3}},"29":{"start":{"line":49,"column":20},"end":{"line":49,"column":66}},"30":{"start":{"line":50,"column":4},"end":{"line":50,"column":96}},"31":{"start":{"line":50,"column":18},"end":{"line":50,"column":96}},"32":{"start":{"line":51,"column":4},"end":{"line":51,"column":60}},"33":{"start":{"line":53,"column":4},"end":{"line":53,"column":12}},"34":{"start":{"line":57,"column":0},"end":{"line":57,"column":24}}},"fnMap":{"0":{"name":"(anonymous_0)","decl":{"start":{"line":6,"column":16},"end":{"line":6,"column":17}},"loc":{"start":{"line":6,"column":42},"end":{"line":13,"column":1}},"line":6},"1":{"name":"(anonymous_1)","decl":{"start":{"line":15,"column":19},"end":{"line":15,"column":20}},"loc":{"start":{"line":15,"column":45},"end":{"line":23,"column":1}},"line":15},"2":{"name":"(anonymous_2)","decl":{"start":{"line":25,"column":17},"end":{"line":25,"column":18}},"loc":{"start":{"line":25,"column":43},"end":{"line":32,"column":1}},"line":25},"3":{"name":"(anonymous_3)","decl":{"start":{"line":34,"column":19},"end":{"line":34,"column":20}},"loc":{"start":{"line":34,"column":45},"end":{"line":45,"column":1}},"line":34},"4":{"name":"(anonymous_4)","decl":{"start":{"line":47,"column":22},"end":{"line":47,"column":23}},"loc":{"start":{"line":47,"column":48},"end":{"line":55,"column":1}},"line":47}},"branchMap":{"0":{"loc":{"start":{"line":18,"column":4},"end":{"line":18,"column":96}},"type":"if","locations":[{"start":{"line":18,"column":4},"end":{"line":18,"column":96}},{"start":{},"end":{}}],"line":18},"1":{"loc":{"start":{"line":40,"column":4},"end":{"line":40,"column":96}},"type":"if","locations":[{"start":{"line":40,"column":4},"end":{"line":40,"column":96}},{"start":{},"end":{}}],"line":40},"2":{"loc":{"start":{"line":50,"column":4},"end":{"line":50,"column":96}},"type":"if","locations":[{"start":{"line":50,"column":4},"end":{"line":50,"column":96}},{"start":{},"end":{}}],"line":50}},"s":{"0":1,"1":1,"2":1,"3":1,"4":0,"5":0,"6":0,"7":0,"8":1,"9":0,"10":0,"11":0,"12":0,"13":0,"14":0,"15":1,"16":0,"17":0,"18":0,"19":0,"20":1,"21":0,"22":0,"23":0,"24":0,"25":0,"26":0,"27":1,"28":0,"29":0,"30":0,"31":0,"32":0,"33":0,"34":1},"f":{"0":0,"1":0,"2":0,"3":0,"4":0},"b":{"0":[0,0],"1":[0,0],"2":[0,0]},"_coverageSchema":"1a1c01bbd47fc00a2c39e90264f33305004495a9","hash":"38f84f914864e2f1258029dcde3c839a2156c57b"}
,"C:\\Users\\vansh\\OneDrive\\Desktop\\React-Native\\Palloti hackathon\\project-03\\routes\\predictionRoutes.js": {"path":"C:\\Users\\vansh\\OneDrive\\Desktop\\React-Native\\Palloti hackathon\\project-03\\routes\\predictionRoutes.js","statementMap":{"0":{"start":{"line":1,"column":16},"end":{"line":1,"column":34}},"1":{"start":{"line":2,"column":19},"end":{"line":2,"column":50}},"2":{"start":{"line":3,"column":23},"end":{"line":3,"column":58}},"3":{"start":{"line":4,"column":29},"end":{"line":4,"column":75}},"4":{"start":{"line":5,"column":45},"end":{"line":5,"column":74}},"5":{"start":{"line":7,"column":15},"end":{"line":7,"column":31}},"6":{"start":{"line":9,"column":0},"end":{"line":14,"column":2}},"7":{"start":{"line":16,"column":0},"end":{"line":36,"column":3}},"8":{"start":{"line":17,"column":2},"end":{"line":35,"column":3}},"9":{"start":{"line":18,"column":17},"end":{"line":20,"column":13}},"10":{"start":{"line":21,"column":4},"end":{"line":23,"column":5}},"11":{"start":{"line":22,"column":6},"end":{"line":22,"column":85}},"12":{"start":{"line":24,"column":17},"end":{"line":24,"column":98}},"13":{"start":{"line":25,"column":4},"end":{"line":32,"column":7}},"14":{"start":{"line":34,"column":4},"end":{"line":34,"column":12}},"15":{"start":{"line":38,"column":0},"end":{"line":50,"column":3}},"16":{"start":{"line":39,"column":2},"end":{"line":49,"column":3}},"17":{"start":{"line":40,"column":26},"end":{"line":40,"column":35}},"18":{"start":{"line":41,"column":19},"end":{"line":41,"column":58}},"19":{"start":{"line":42,"column":24},"end":{"line":45,"column":30}},"20":{"start":{"line":46,"column":4},"end":{"line":46,"column":51}},"21":{"start":{"line":48,"column":4},"end":{"line":48,"column":12}},"22":{"start":{"line":52,"column":0},"end":{"line":62,"column":3}},"23":{"start":{"line":53,"column":2},"end":{"line":61,"column":3}},"24":{"start":{"line":54,"column":23},"end":{"line":56,"column":31}},"25":{"start":{"line":57,"column":4},"end":{"line":57,"column":102}},"26":{"start":{"line":57,"column":21},"end":{"line":57,"column":102}},"27":{"start":{"line":58,"column":4},"end":{"line":58,"column":50}},"28":{"start":{"line":60,"column":4},"end":{"line":60,"column":12}},"29":{"start":{"line":64,"column":0},"end":{"line":71,"column":3}},"30":{"start":{"line":65,"column":2},"end":{"line":70,"column":3}},"31":{"start":{"line":66,"column":23},"end":{"line":66,"column":56}},"32":{"start":{"line":67,"column":4},"end":{"line":67,"column":62}},"33":{"start":{"line":69,"column":4},"end":{"line":69,"column":12}},"34":{"start":{"line":73,"column":0},"end":{"line":84,"column":3}},"35":{"start":{"line":74,"column":2},"end":{"line":83,"column":3}},"36":{"start":{"line":75,"column":23},"end":{"line":78,"column":6}},"37":{"start":{"line":79,"column":4},"end":{"line":79,"column":102}},"38":{"start":{"line":79,"column":21},"end":{"line":79,"column":102}},"39":{"start":{"line":80,"column":4},"end":{"line":80,"column":50}},"40":{"start":{"line":82,"column":4},"end":{"line":82,"column":12}},"41":{"start":{"line":86,"column":0},"end":{"line":94,"column":3}},"42":{"start":{"line":87,"column":2},"end":{"line":93,"column":3}},"43":{"start":{"line":88,"column":23},"end":{"line":88,"column":72}},"44":{"start":{"line":89,"column":4},"end":{"line":89,"column":102}},"45":{"start":{"line":89,"column":21},"end":{"line":89,"column":102}},"46":{"start":{"line":90,"column":4},"end":{"line":90,"column":63}},"47":{"start":{"line":92,"column":4},"end":{"line":92,"column":12}},"48":{"start":{"line":96,"column":0},"end":{"line":96,"column":24}}},"fnMap":{"0":{"name":"(anonymous_0)","decl":{"start":{"line":16,"column":39},"end":{"line":16,"column":40}},"loc":{"start":{"line":16,"column":65},"end":{"line":36,"column":1}},"line":16},"1":{"name":"(anonymous_1)","decl":{"start":{"line":38,"column":16},"end":{"line":38,"column":17}},"loc":{"start":{"line":38,"column":42},"end":{"line":50,"column":1}},"line":38},"2":{"name":"(anonymous_2)","decl":{"start":{"line":52,"column":19},"end":{"line":52,"column":20}},"loc":{"start":{"line":52,"column":45},"end":{"line":62,"column":1}},"line":52},"3":{"name":"(anonymous_3)","decl":{"start":{"line":64,"column":17},"end":{"line":64,"column":18}},"loc":{"start":{"line":64,"column":43},"end":{"line":71,"column":1}},"line":64},"4":{"name":"(anonymous_4)","decl":{"start":{"line":73,"column":21},"end":{"line":73,"column":22}},"loc":{"start":{"line":73,"column":47},"end":{"line":84,"column":1}},"line":73},"5":{"name":"(anonymous_5)","decl":{"start":{"line":86,"column":22},"end":{"line":86,"column":23}},"loc":{"start":{"line":86,"column":48},"end":{"line":94,"column":1}},"line":86}},"branchMap":{"0":{"loc":{"start":{"line":21,"column":4},"end":{"line":23,"column":5}},"type":"if","locations":[{"start":{"line":21,"column":4},"end":{"line":23,"column":5}},{"start":{},"end":{}}],"line":21},"1":{"loc":{"start":{"line":28,"column":22},"end":{"line":28,"column":67}},"type":"binary-expr","locations":[{"start":{"line":28,"column":22},"end":{"line":28,"column":59}},{"start":{"line":28,"column":63},"end":{"line":28,"column":67}}],"line":28},"2":{"loc":{"start":{"line":30,"column":19},"end":{"line":30,"column":45}},"type":"binary-expr","locations":[{"start":{"line":30,"column":19},"end":{"line":30,"column":37}},{"start":{"line":30,"column":41},"end":{"line":30,"column":45}}],"line":30},"3":{"loc":{"start":{"line":31,"column":19},"end":{"line":31,"column":43}},"type":"binary-expr","locations":[{"start":{"line":31,"column":19},"end":{"line":31,"column":35}},{"start":{"line":31,"column":39},"end":{"line":31,"column":43}}],"line":31},"4":{"loc":{"start":{"line":41,"column":19},"end":{"line":41,"column":58}},"type":"cond-expr","locations":[{"start":{"line":41,"column":31},"end":{"line":41,"column":53}},{"start":{"line":41,"column":56},"end":{"line":41,"column":58}}],"line":41},"5":{"loc":{"start":{"line":57,"column":4},"end":{"line":57,"column":102}},"type":"if","locations":[{"start":{"line":57,"column":4},"end":{"line":57,"column":102}},{"start":{},"end":{}}],"line":57},"6":{"loc":{"start":{"line":79,"column":4},"end":{"line":79,"column":102}},"type":"if","locations":[{"start":{"line":79,"column":4},"end":{"line":79,"column":102}},{"start":{},"end":{}}],"line":79},"7":{"loc":{"start":{"line":89,"column":4},"end":{"line":89,"column":102}},"type":"if","locations":[{"start":{"line":89,"column":4},"end":{"line":89,"column":102}},{"start":{},"end":{}}],"line":89}},"s":{"0":1,"1":1,"2":1,"3":1,"4":1,"5":1,"6":1,"7":1,"8":0,"9":0,"10":0,"11":0,"12":0,"13":0,"14":0,"15":1,"16":0,"17":0,"18":0,"19":0,"20":0,"21":0,"22":1,"23":0,"24":0,"25":0,"26":0,"27":0,"28":0,"29":1,"30":0,"31":0,"32":0,"33":0,"34":1,"35":0,"36":0,"37":0,"38":0,"39":0,"40":0,"41":1,"42":0,"43":0,"44":0,"45":0,"46":0,"47":0,"48":1},"f":{"0":0,"1":0,"2":0,"3":0,"4":0,"5":0},"b":{"0":[0,0],"1":[0,0],"2":[0,0],"3":[0,0],"4":[0,0],"5":[0,0],"6":[0,0],"7":[0,0]},"_coverageSchema":"1a1c01bbd47fc00a2c39e90264f33305004495a9","hash":"67f7d6b415088602488835a90149bb9e399c2656"}
,"C:\\Users\\vansh\\OneDrive\\Desktop\\React-Native\\Palloti hackathon\\project-03\\routes\\recommendationRoutes.js": {"path":"C:\\Users\\vansh\\OneDrive\\Desktop\\React-Native\\Palloti hackathon\\project-03\\routes\\recommendationRoutes.js","statementMap":{"0":{"start":{"line":1,"column":16},"end":{"line":1,"column":34}},"1":{"start":{"line":2,"column":23},"end":{"line":2,"column":58}},"2":{"start":{"line":4,"column":15},"end":{"line":4,"column":31}},"3":{"start":{"line":6,"column":0},"end":{"line":18,"column":3}},"4":{"start":{"line":7,"column":2},"end":{"line":17,"column":3}},"5":{"start":{"line":8,"column":26},"end":{"line":8,"column":35}},"6":{"start":{"line":9,"column":19},"end":{"line":9,"column":58}},"7":{"start":{"line":10,"column":18},"end":{"line":13,"column":43}},"8":{"start":{"line":14,"column":4},"end":{"line":14,"column":45}},"9":{"start":{"line":16,"column":4},"end":{"line":16,"column":12}},"10":{"start":{"line":20,"column":0},"end":{"line":28,"column":3}},"11":{"start":{"line":21,"column":2},"end":{"line":27,"column":3}},"12":{"start":{"line":22,"column":16},"end":{"line":22,"column":103}},"13":{"start":{"line":23,"column":4},"end":{"line":23,"column":99}},"14":{"start":{"line":23,"column":14},"end":{"line":23,"column":99}},"15":{"start":{"line":24,"column":4},"end":{"line":24,"column":43}},"16":{"start":{"line":26,"column":4},"end":{"line":26,"column":12}},"17":{"start":{"line":30,"column":0},"end":{"line":37,"column":3}},"18":{"start":{"line":31,"column":2},"end":{"line":36,"column":3}},"19":{"start":{"line":32,"column":16},"end":{"line":32,"column":53}},"20":{"start":{"line":33,"column":4},"end":{"line":33,"column":55}},"21":{"start":{"line":35,"column":4},"end":{"line":35,"column":12}},"22":{"start":{"line":39,"column":0},"end":{"line":50,"column":3}},"23":{"start":{"line":40,"column":2},"end":{"line":49,"column":3}},"24":{"start":{"line":41,"column":16},"end":{"line":44,"column":6}},"25":{"start":{"line":45,"column":4},"end":{"line":45,"column":99}},"26":{"start":{"line":45,"column":14},"end":{"line":45,"column":99}},"27":{"start":{"line":46,"column":4},"end":{"line":46,"column":43}},"28":{"start":{"line":48,"column":4},"end":{"line":48,"column":12}},"29":{"start":{"line":52,"column":0},"end":{"line":60,"column":3}},"30":{"start":{"line":53,"column":2},"end":{"line":59,"column":3}},"31":{"start":{"line":54,"column":16},"end":{"line":54,"column":69}},"32":{"start":{"line":55,"column":4},"end":{"line":55,"column":99}},"33":{"start":{"line":55,"column":14},"end":{"line":55,"column":99}},"34":{"start":{"line":56,"column":4},"end":{"line":56,"column":67}},"35":{"start":{"line":58,"column":4},"end":{"line":58,"column":12}},"36":{"start":{"line":62,"column":0},"end":{"line":62,"column":24}}},"fnMap":{"0":{"name":"(anonymous_0)","decl":{"start":{"line":6,"column":16},"end":{"line":6,"column":17}},"loc":{"start":{"line":6,"column":42},"end":{"line":18,"column":1}},"line":6},"1":{"name":"(anonymous_1)","decl":{"start":{"line":20,"column":19},"end":{"line":20,"column":20}},"loc":{"start":{"line":20,"column":45},"end":{"line":28,"column":1}},"line":20},"2":{"name":"(anonymous_2)","decl":{"start":{"line":30,"column":17},"end":{"line":30,"column":18}},"loc":{"start":{"line":30,"column":43},"end":{"line":37,"column":1}},"line":30},"3":{"name":"(anonymous_3)","decl":{"start":{"line":39,"column":21},"end":{"line":39,"column":22}},"loc":{"start":{"line":39,"column":47},"end":{"line":50,"column":1}},"line":39},"4":{"name":"(anonymous_4)","decl":{"start":{"line":52,"column":22},"end":{"line":52,"column":23}},"loc":{"start":{"line":52,"column":48},"end":{"line":60,"column":1}},"line":52}},"branchMap":{"0":{"loc":{"start":{"line":9,"column":19},"end":{"line":9,"column":58}},"type":"cond-expr","locations":[{"start":{"line":9,"column":31},"end":{"line":9,"column":53}},{"start":{"line":9,"column":56},"end":{"line":9,"column":58}}],"line":9},"1":{"loc":{"start":{"line":23,"column":4},"end":{"line":23,"column":99}},"type":"if","locations":[{"start":{"line":23,"column":4},"end":{"line":23,"column":99}},{"start":{},"end":{}}],"line":23},"2":{"loc":{"start":{"line":45,"column":4},"end":{"line":45,"column":99}},"type":"if","locations":[{"start":{"line":45,"column":4},"end":{"line":45,"column":99}},{"start":{},"end":{}}],"line":45},"3":{"loc":{"start":{"line":55,"column":4},"end":{"line":55,"column":99}},"type":"if","locations":[{"start":{"line":55,"column":4},"end":{"line":55,"column":99}},{"start":{},"end":{}}],"line":55}},"s":{"0":1,"1":1,"2":1,"3":1,"4":0,"5":0,"6":0,"7":0,"8":0,"9":0,"10":1,"11":0,"12":0,"13":0,"14":0,"15":0,"16":0,"17":1,"18":0,"19":0,"20":0,"21":0,"22":1,"23":0,"24":0,"25":0,"26":0,"27":0,"28":0,"29":1,"30":0,"31":0,"32":0,"33":0,"34":0,"35":0,"36":1},"f":{"0":0,"1":0,"2":0,"3":0,"4":0},"b":{"0":[0,0],"1":[0,0],"2":[0,0],"3":[0,0]},"_coverageSchema":"1a1c01bbd47fc00a2c39e90264f33305004495a9","hash":"82a0f5ccd2b5e860c80641fb81ff07254fb6b6a9"}
,"C:\\Users\\vansh\\OneDrive\\Desktop\\React-Native\\Palloti hackathon\\project-03\\services\\geminiService.js": {"path":"C:\\Users\\vansh\\OneDrive\\Desktop\\React-Native\\Palloti hackathon\\project-03\\services\\geminiService.js","statementMap":{"0":{"start":{"line":1,"column":31},"end":{"line":1,"column":63}},"1":{"start":{"line":3,"column":19},"end":{"line":3,"column":42}},"2":{"start":{"line":6,"column":14},"end":{"line":6,"column":40}},"3":{"start":{"line":7,"column":2},"end":{"line":9,"column":3}},"4":{"start":{"line":8,"column":4},"end":{"line":8,"column":82}},"5":{"start":{"line":10,"column":2},"end":{"line":10,"column":13}},"6":{"start":{"line":14,"column":16},"end":{"line":14,"column":55}},"7":{"start":{"line":15,"column":2},"end":{"line":15,"column":57}},"8":{"start":{"line":24,"column":2},"end":{"line":24,"column":29}},"9":{"start":{"line":24,"column":19},"end":{"line":24,"column":29}},"10":{"start":{"line":25,"column":10},"end":{"line":25,"column":28}},"11":{"start":{"line":27,"column":21},"end":{"line":27,"column":75}},"12":{"start":{"line":28,"column":23},"end":{"line":28,"column":63}},"13":{"start":{"line":29,"column":2},"end":{"line":37,"column":3}},"14":{"start":{"line":30,"column":4},"end":{"line":30,"column":29}},"15":{"start":{"line":31,"column":9},"end":{"line":37,"column":3}},"16":{"start":{"line":32,"column":4},"end":{"line":32,"column":31}},"17":{"start":{"line":34,"column":4},"end":{"line":34,"column":43}},"18":{"start":{"line":35,"column":4},"end":{"line":35,"column":37}},"19":{"start":{"line":36,"column":4},"end":{"line":36,"column":17}},"20":{"start":{"line":39,"column":16},"end":{"line":39,"column":30}},"21":{"start":{"line":40,"column":14},"end":{"line":40,"column":32}},"22":{"start":{"line":41,"column":2},"end":{"line":43,"column":3}},"23":{"start":{"line":42,"column":4},"end":{"line":42,"column":32}},"24":{"start":{"line":45,"column":2},"end":{"line":45,"column":18}},"25":{"start":{"line":54,"column":16},"end":{"line":54,"column":26}},"26":{"start":{"line":56,"column":22},"end":{"line":56,"column":64}},"27":{"start":{"line":57,"column":25},"end":{"line":57,"column":66}},"28":{"start":{"line":59,"column":17},"end":{"line":79,"column":27}},"29":{"start":{"line":81,"column":17},"end":{"line":81,"column":52}},"30":{"start":{"line":82,"column":15},"end":{"line":82,"column":37}},"31":{"start":{"line":83,"column":18},"end":{"line":83,"column":41}},"32":{"start":{"line":86,"column":2},"end":{"line":93,"column":3}},"33":{"start":{"line":87,"column":4},"end":{"line":87,"column":33}},"34":{"start":{"line":89,"column":16},"end":{"line":89,"column":79}},"35":{"start":{"line":90,"column":4},"end":{"line":90,"column":18}},"36":{"start":{"line":91,"column":4},"end":{"line":91,"column":43}},"37":{"start":{"line":92,"column":4},"end":{"line":92,"column":14}},"38":{"start":{"line":95,"column":2},"end":{"line":97,"column":3}},"39":{"start":{"line":96,"column":4},"end":{"line":96,"column":60}},"40":{"start":{"line":99,"column":2},"end":{"line":101,"column":3}},"41":{"start":{"line":100,"column":4},"end":{"line":100,"column":72}},"42":{"start":{"line":103,"column":19},"end":{"line":103,"column":79}},"43":{"start":{"line":104,"column":2},"end":{"line":120,"column":5}},"44":{"start":{"line":105,"column":4},"end":{"line":107,"column":5}},"45":{"start":{"line":106,"column":6},"end":{"line":106,"column":71}},"46":{"start":{"line":108,"column":4},"end":{"line":112,"column":5}},"47":{"start":{"line":109,"column":6},"end":{"line":111,"column":7}},"48":{"start":{"line":110,"column":8},"end":{"line":110,"column":85}},"49":{"start":{"line":113,"column":4},"end":{"line":119,"column":6}},"50":{"start":{"line":129,"column":16},"end":{"line":129,"column":26}},"51":{"start":{"line":130,"column":25},"end":{"line":130,"column":66}},"52":{"start":{"line":132,"column":17},"end":{"line":139,"column":78}},"53":{"start":{"line":141,"column":17},"end":{"line":141,"column":52}},"54":{"start":{"line":142,"column":15},"end":{"line":142,"column":37}},"55":{"start":{"line":143,"column":2},"end":{"line":143,"column":60}},"56":{"start":{"line":152,"column":16},"end":{"line":152,"column":26}},"57":{"start":{"line":153,"column":17},"end":{"line":153,"column":475}},"58":{"start":{"line":155,"column":15},"end":{"line":157,"column":8}},"59":{"start":{"line":159,"column":14},"end":{"line":161,"column":8}},"60":{"start":{"line":163,"column":16},"end":{"line":166,"column":15}},"61":{"start":{"line":164,"column":19},"end":{"line":164,"column":69}},"62":{"start":{"line":165,"column":16},"end":{"line":165,"column":93}},"63":{"start":{"line":168,"column":17},"end":{"line":168,"column":104}},"64":{"start":{"line":170,"column":17},"end":{"line":170,"column":52}},"65":{"start":{"line":171,"column":2},"end":{"line":171,"column":78}},"66":{"start":{"line":174,"column":0},"end":{"line":180,"column":2}}},"fnMap":{"0":{"name":"requireApiKey","decl":{"start":{"line":5,"column":9},"end":{"line":5,"column":22}},"loc":{"start":{"line":5,"column":25},"end":{"line":11,"column":1}},"line":5},"1":{"name":"getModel","decl":{"start":{"line":13,"column":9},"end":{"line":13,"column":17}},"loc":{"start":{"line":13,"column":20},"end":{"line":16,"column":1}},"line":13},"2":{"name":"cleanJsonResponse","decl":{"start":{"line":23,"column":9},"end":{"line":23,"column":26}},"loc":{"start":{"line":23,"column":32},"end":{"line":46,"column":1}},"line":23},"3":{"name":"generateRecommendations","decl":{"start":{"line":53,"column":15},"end":{"line":53,"column":38}},"loc":{"start":{"line":53,"column":64},"end":{"line":121,"column":1}},"line":53},"4":{"name":"(anonymous_4)","decl":{"start":{"line":104,"column":20},"end":{"line":104,"column":21}},"loc":{"start":{"line":104,"column":33},"end":{"line":120,"column":3}},"line":104},"5":{"name":"explainPrediction","decl":{"start":{"line":128,"column":15},"end":{"line":128,"column":32}},"loc":{"start":{"line":128,"column":45},"end":{"line":144,"column":1}},"line":128},"6":{"name":"chatDoctorMessage","decl":{"start":{"line":151,"column":15},"end":{"line":151,"column":32}},"loc":{"start":{"line":151,"column":82},"end":{"line":172,"column":1}},"line":151},"7":{"name":"(anonymous_7)","decl":{"start":{"line":164,"column":12},"end":{"line":164,"column":13}},"loc":{"start":{"line":164,"column":19},"end":{"line":164,"column":69}},"line":164},"8":{"name":"(anonymous_8)","decl":{"start":{"line":165,"column":9},"end":{"line":165,"column":10}},"loc":{"start":{"line":165,"column":16},"end":{"line":165,"column":93}},"line":165}},"branchMap":{"0":{"loc":{"start":{"line":7,"column":2},"end":{"line":9,"column":3}},"type":"if","locations":[{"start":{"line":7,"column":2},"end":{"line":9,"column":3}},{"start":{},"end":{}}],"line":7},"1":{"loc":{"start":{"line":7,"column":6},"end":{"line":7,"column":48}},"type":"binary-expr","locations":[{"start":{"line":7,"column":6},"end":{"line":7,"column":10}},{"start":{"line":7,"column":14},"end":{"line":7,"column":48}}],"line":7},"2":{"loc":{"start":{"line":24,"column":2},"end":{"line":24,"column":29}},"type":"if","locations":[{"start":{"line":24,"column":2},"end":{"line":24,"column":29}},{"start":{},"end":{}}],"line":24},"3":{"loc":{"start":{"line":29,"column":2},"end":{"line":37,"column":3}},"type":"if","locations":[{"start":{"line":29,"column":2},"end":{"line":37,"column":3}},{"start":{"line":31,"column":9},"end":{"line":37,"column":3}}],"line":29},"4":{"loc":{"start":{"line":31,"column":9},"end":{"line":37,"column":3}},"type":"if","locations":[{"start":{"line":31,"column":9},"end":{"line":37,"column":3}},{"start":{"line":33,"column":9},"end":{"line":37,"column":3}}],"line":31},"5":{"loc":{"start":{"line":41,"column":2},"end":{"line":43,"column":3}},"type":"if","locations":[{"start":{"line":41,"column":2},"end":{"line":43,"column":3}},{"start":{},"end":{}}],"line":41},"6":{"loc":{"start":{"line":41,"column":6},"end":{"line":41,"column":33}},"type":"binary-expr","locations":[{"start":{"line":41,"column":6},"end":{"line":41,"column":18}},{"start":{"line":41,"column":22},"end":{"line":41,"column":33}}],"line":41},"7":{"loc":{"start":{"line":56,"column":37},"end":{"line":56,"column":54}},"type":"binary-expr","locations":[{"start":{"line":56,"column":37},"end":{"line":56,"column":48}},{"start":{"line":56,"column":52},"end":{"line":56,"column":54}}],"line":56},"8":{"loc":{"start":{"line":57,"column":40},"end":{"line":57,"column":56}},"type":"binary-expr","locations":[{"start":{"line":57,"column":40},"end":{"line":57,"column":50}},{"start":{"line":57,"column":54},"end":{"line":57,"column":56}}],"line":57},"9":{"loc":{"start":{"line":95,"column":2},"end":{"line":97,"column":3}},"type":"if","locations":[{"start":{"line":95,"column":2},"end":{"line":97,"column":3}},{"start":{},"end":{}}],"line":95},"10":{"loc":{"start":{"line":99,"column":2},"end":{"line":101,"column":3}},"type":"if","locations":[{"start":{"line":99,"column":2},"end":{"line":101,"column":3}},{"start":{},"end":{}}],"line":99},"11":{"loc":{"start":{"line":105,"column":4},"end":{"line":107,"column":5}},"type":"if","locations":[{"start":{"line":105,"column":4},"end":{"line":107,"column":5}},{"start":{},"end":{}}],"line":105},"12":{"loc":{"start":{"line":105,"column":8},"end":{"line":105,"column":41}},"type":"binary-expr","locations":[{"start":{"line":105,"column":8},"end":{"line":105,"column":13}},{"start":{"line":105,"column":17},"end":{"line":105,"column":41}}],"line":105},"13":{"loc":{"start":{"line":109,"column":6},"end":{"line":111,"column":7}},"type":"if","locations":[{"start":{"line":109,"column":6},"end":{"line":111,"column":7}},{"start":{},"end":{}}],"line":109},"14":{"loc":{"start":{"line":109,"column":10},"end":{"line":109,"column":58}},"type":"binary-expr","locations":[{"start":{"line":109,"column":10},"end":{"line":109,"column":25}},{"start":{"line":109,"column":29},"end":{"line":109,"column":58}}],"line":109},"15":{"loc":{"start":{"line":130,"column":40},"end":{"line":130,"column":56}},"type":"binary-expr","locations":[{"start":{"line":130,"column":40},"end":{"line":130,"column":50}},{"start":{"line":130,"column":54},"end":{"line":130,"column":56}}],"line":130},"16":{"loc":{"start":{"line":155,"column":15},"end":{"line":157,"column":8}},"type":"cond-expr","locations":[{"start":{"line":156,"column":6},"end":{"line":156,"column":109}},{"start":{"line":157,"column":6},"end":{"line":157,"column":8}}],"line":155},"17":{"loc":{"start":{"line":159,"column":14},"end":{"line":161,"column":8}},"type":"cond-expr","locations":[{"start":{"line":160,"column":6},"end":{"line":160,"column":88}},{"start":{"line":161,"column":6},"end":{"line":161,"column":8}}],"line":159},"18":{"loc":{"start":{"line":163,"column":17},"end":{"line":163,"column":31}},"type":"binary-expr","locations":[{"start":{"line":163,"column":17},"end":{"line":163,"column":25}},{"start":{"line":163,"column":29},"end":{"line":163,"column":31}}],"line":163},"19":{"loc":{"start":{"line":164,"column":19},"end":{"line":164,"column":69}},"type":"binary-expr","locations":[{"start":{"line":164,"column":19},"end":{"line":164,"column":20}},{"start":{"line":164,"column":25},"end":{"line":164,"column":42}},{"start":{"line":164,"column":46},"end":{"line":164,"column":68}}],"line":164},"20":{"loc":{"start":{"line":165,"column":19},"end":{"line":165,"column":62}},"type":"cond-expr","locations":[{"start":{"line":165,"column":39},"end":{"line":165,"column":48}},{"start":{"line":165,"column":51},"end":{"line":165,"column":62}}],"line":165}},"s":{"0":2,"1":2,"2":0,"3":0,"4":0,"5":0,"6":0,"7":0,"8":2,"9":0,"10":2,"11":2,"12":2,"13":2,"14":1,"15":1,"16":0,"17":1,"18":1,"19":1,"20":2,"21":2,"22":2,"23":2,"24":2,"25":0,"26":0,"27":0,"28":0,"29":0,"30":0,"31":0,"32":0,"33":0,"34":0,"35":0,"36":0,"37":0,"38":0,"39":0,"40":0,"41":0,"42":0,"43":0,"44":0,"45":0,"46":0,"47":0,"48":0,"49":0,"50":0,"51":0,"52":0,"53":0,"54":0,"55":0,"56":0,"57":0,"58":0,"59":0,"60":0,"61":0,"62":0,"63":0,"64":0,"65":0,"66":2},"f":{"0":0,"1":0,"2":2,"3":0,"4":0,"5":0,"6":0,"7":0,"8":0},"b":{"0":[0,0],"1":[0,0],"2":[0,2],"3":[1,1],"4":[0,1],"5":[2,0],"6":[2,2],"7":[0,0],"8":[0,0],"9":[0,0],"10":[0,0],"11":[0,0],"12":[0,0],"13":[0,0],"14":[0,0],"15":[0,0],"16":[0,0],"17":[0,0],"18":[0,0],"19":[0,0,0],"20":[0,0]},"_coverageSchema":"1a1c01bbd47fc00a2c39e90264f33305004495a9","hash":"724157ac1e5b9144f36c2f0cdb273ac358adeb94"}
,"C:\\Users\\vansh\\OneDrive\\Desktop\\React-Native\\Palloti hackathon\\project-03\\services\\knowledgeGraphService.js": {"path":"C:\\Users\\vansh\\OneDrive\\Desktop\\React-Native\\Palloti hackathon\\project-03\\services\\knowledgeGraphService.js","statementMap":{"0":{"start":{"line":1,"column":23},"end":{"line":1,"column":58}},"1":{"start":{"line":3,"column":16},"end":{"line":3,"column":34}},"2":{"start":{"line":9,"column":19},"end":{"line":22,"column":1}},"3":{"start":{"line":24,"column":19},"end":{"line":45,"column":1}},"4":{"start":{"line":48,"column":2},"end":{"line":48,"column":37}},"5":{"start":{"line":48,"column":27},"end":{"line":48,"column":37}},"6":{"start":{"line":49,"column":2},"end":{"line":49,"column":72}},"7":{"start":{"line":49,"column":24},"end":{"line":49,"column":54}},"8":{"start":{"line":57,"column":12},"end":{"line":57,"column":59}},"9":{"start":{"line":58,"column":2},"end":{"line":60,"column":3}},"10":{"start":{"line":59,"column":4},"end":{"line":59,"column":41}},"11":{"start":{"line":62,"column":2},"end":{"line":69,"column":5}},"12":{"start":{"line":71,"column":2},"end":{"line":71,"column":38}},"13":{"start":{"line":80,"column":12},"end":{"line":80,"column":66}},"14":{"start":{"line":81,"column":2},"end":{"line":83,"column":3}},"15":{"start":{"line":82,"column":4},"end":{"line":82,"column":16}},"16":{"start":{"line":85,"column":2},"end":{"line":90,"column":4}},"17":{"start":{"line":102,"column":15},"end":{"line":102,"column":35}},"18":{"start":{"line":103,"column":2},"end":{"line":103,"column":25}},"19":{"start":{"line":103,"column":13},"end":{"line":103,"column":25}},"20":{"start":{"line":105,"column":19},"end":{"line":105,"column":60}},"21":{"start":{"line":105,"column":49},"end":{"line":105,"column":58}},"22":{"start":{"line":106,"column":18},"end":{"line":106,"column":117}},"23":{"start":{"line":106,"column":99},"end":{"line":106,"column":115}},"24":{"start":{"line":108,"column":22},"end":{"line":108,"column":38}},"25":{"start":{"line":109,"column":2},"end":{"line":114,"column":3}},"26":{"start":{"line":110,"column":4},"end":{"line":113,"column":5}},"27":{"start":{"line":111,"column":6},"end":{"line":111,"column":32}},"28":{"start":{"line":112,"column":6},"end":{"line":112,"column":32}},"29":{"start":{"line":116,"column":18},"end":{"line":116,"column":29}},"30":{"start":{"line":117,"column":16},"end":{"line":117,"column":59}},"31":{"start":{"line":117,"column":41},"end":{"line":117,"column":58}},"32":{"start":{"line":118,"column":16},"end":{"line":118,"column":88}},"33":{"start":{"line":118,"column":41},"end":{"line":118,"column":87}},"34":{"start":{"line":120,"column":2},"end":{"line":124,"column":4}},"35":{"start":{"line":127,"column":0},"end":{"line":135,"column":2}}},"fnMap":{"0":{"name":"normalizeIds","decl":{"start":{"line":47,"column":9},"end":{"line":47,"column":21}},"loc":{"start":{"line":47,"column":27},"end":{"line":50,"column":1}},"line":47},"1":{"name":"(anonymous_1)","decl":{"start":{"line":49,"column":17},"end":{"line":49,"column":18}},"loc":{"start":{"line":49,"column":24},"end":{"line":49,"column":54}},"line":49},"2":{"name":"seedKG","decl":{"start":{"line":56,"column":15},"end":{"line":56,"column":21}},"loc":{"start":{"line":56,"column":24},"end":{"line":72,"column":1}},"line":56},"3":{"name":"getFullGraph","decl":{"start":{"line":79,"column":15},"end":{"line":79,"column":27}},"loc":{"start":{"line":79,"column":30},"end":{"line":91,"column":1}},"line":79},"4":{"name":"getPatientSubgraph","decl":{"start":{"line":101,"column":15},"end":{"line":101,"column":33}},"loc":{"start":{"line":101,"column":57},"end":{"line":125,"column":1}},"line":101},"5":{"name":"(anonymous_5)","decl":{"start":{"line":105,"column":42},"end":{"line":105,"column":43}},"loc":{"start":{"line":105,"column":49},"end":{"line":105,"column":58}},"line":105},"6":{"name":"(anonymous_6)","decl":{"start":{"line":106,"column":91},"end":{"line":106,"column":92}},"loc":{"start":{"line":106,"column":99},"end":{"line":106,"column":115}},"line":106},"7":{"name":"(anonymous_7)","decl":{"start":{"line":117,"column":34},"end":{"line":117,"column":35}},"loc":{"start":{"line":117,"column":41},"end":{"line":117,"column":58}},"line":117},"8":{"name":"(anonymous_8)","decl":{"start":{"line":118,"column":34},"end":{"line":118,"column":35}},"loc":{"start":{"line":118,"column":41},"end":{"line":118,"column":87}},"line":118}},"branchMap":{"0":{"loc":{"start":{"line":48,"column":2},"end":{"line":48,"column":37}},"type":"if","locations":[{"start":{"line":48,"column":2},"end":{"line":48,"column":37}},{"start":{},"end":{}}],"line":48},"1":{"loc":{"start":{"line":58,"column":2},"end":{"line":60,"column":3}},"type":"if","locations":[{"start":{"line":58,"column":2},"end":{"line":60,"column":3}},{"start":{},"end":{}}],"line":58},"2":{"loc":{"start":{"line":81,"column":2},"end":{"line":83,"column":3}},"type":"if","locations":[{"start":{"line":81,"column":2},"end":{"line":83,"column":3}},{"start":{},"end":{}}],"line":81},"3":{"loc":{"start":{"line":88,"column":11},"end":{"line":88,"column":24}},"type":"binary-expr","locations":[{"start":{"line":88,"column":11},"end":{"line":88,"column":18}},{"start":{"line":88,"column":22},"end":{"line":88,"column":24}}],"line":88},"4":{"loc":{"start":{"line":89,"column":11},"end":{"line":89,"column":24}},"type":"binary-expr","locations":[{"start":{"line":89,"column":11},"end":{"line":89,"column":18}},{"start":{"line":89,"column":22},"end":{"line":89,"column":24}}],"line":89},"5":{"loc":{"start":{"line":103,"column":2},"end":{"line":103,"column":25}},"type":"if","locations":[{"start":{"line":103,"column":2},"end":{"line":103,"column":25}},{"start":{},"end":{}}],"line":103},"6":{"loc":{"start":{"line":110,"column":4},"end":{"line":113,"column":5}},"type":"if","locations":[{"start":{"line":110,"column":4},"end":{"line":113,"column":5}},{"start":{},"end":{}}],"line":110},"7":{"loc":{"start":{"line":110,"column":8},"end":{"line":110,"column":54}},"type":"binary-expr","locations":[{"start":{"line":110,"column":8},"end":{"line":110,"column":29}},{"start":{"line":110,"column":33},"end":{"line":110,"column":54}}],"line":110},"8":{"loc":{"start":{"line":118,"column":41},"end":{"line":118,"column":87}},"type":"binary-expr","locations":[{"start":{"line":118,"column":41},"end":{"line":118,"column":62}},{"start":{"line":118,"column":66},"end":{"line":118,"column":87}}],"line":118}},"s":{"0":2,"1":2,"2":2,"3":2,"4":1,"5":0,"6":1,"7":2,"8":0,"9":0,"10":0,"11":0,"12":0,"13":0,"14":0,"15":0,"16":0,"17":0,"18":0,"19":0,"20":0,"21":0,"22":0,"23":0,"24":0,"25":0,"26":0,"27":0,"28":0,"29":0,"30":0,"31":0,"32":0,"33":0,"34":0,"35":2},"f":{"0":1,"1":2,"2":0,"3":0,"4":0,"5":0,"6":0,"7":0,"8":0},"b":{"0":[0,1],"1":[0,0],"2":[0,0],"3":[0,0],"4":[0,0],"5":[0,0],"6":[0,0],"7":[0,0],"8":[0,0]},"_coverageSchema":"1a1c01bbd47fc00a2c39e90264f33305004495a9","hash":"81dbce12c7e44f53c705d26760971e0d2e9ce105"}
,"C:\\Users\\vansh\\OneDrive\\Desktop\\React-Native\\Palloti hackathon\\project-03\\services\\riskEngine.js": {"path":"C:\\Users\\vansh\\OneDrive\\Desktop\\React-Native\\Palloti hackathon\\project-03\\services\\riskEngine.js","statementMap":{"0":{"start":{"line":1,"column":34},"end":{"line":1,"column":64}},"1":{"start":{"line":8,"column":2},"end":{"line":8,"column":52}},"2":{"start":{"line":12,"column":2},"end":{"line":12,"column":37}},"3":{"start":{"line":12,"column":20},"end":{"line":12,"column":37}},"4":{"start":{"line":13,"column":12},"end":{"line":13,"column":77}},"5":{"start":{"line":14,"column":2},"end":{"line":14,"column":50}},"6":{"start":{"line":14,"column":33},"end":{"line":14,"column":50}},"7":{"start":{"line":15,"column":15},"end":{"line":15,"column":39}},"8":{"start":{"line":16,"column":2},"end":{"line":16,"column":59}},"9":{"start":{"line":20,"column":2},"end":{"line":20,"column":51}},"10":{"start":{"line":20,"column":34},"end":{"line":20,"column":51}},"11":{"start":{"line":21,"column":13},"end":{"line":21,"column":75}},"12":{"start":{"line":22,"column":14},"end":{"line":22,"column":76}},"13":{"start":{"line":22,"column":37},"end":{"line":22,"column":75}},"14":{"start":{"line":23,"column":2},"end":{"line":23,"column":50}},"15":{"start":{"line":23,"column":33},"end":{"line":23,"column":50}},"16":{"start":{"line":24,"column":12},"end":{"line":24,"column":65}},"17":{"start":{"line":25,"column":2},"end":{"line":25,"column":44}},"18":{"start":{"line":29,"column":2},"end":{"line":29,"column":47}},"19":{"start":{"line":29,"column":30},"end":{"line":29,"column":47}},"20":{"start":{"line":30,"column":12},"end":{"line":30,"column":26}},"21":{"start":{"line":31,"column":2},"end":{"line":31,"column":31}},"22":{"start":{"line":31,"column":14},"end":{"line":31,"column":31}},"23":{"start":{"line":32,"column":14},"end":{"line":32,"column":32}},"24":{"start":{"line":33,"column":2},"end":{"line":33,"column":70}},"25":{"start":{"line":41,"column":12},"end":{"line":41,"column":56}},"26":{"start":{"line":42,"column":12},"end":{"line":42,"column":37}},"27":{"start":{"line":43,"column":15},"end":{"line":43,"column":44}},"28":{"start":{"line":46,"column":4},"end":{"line":48,"column":6}},"29":{"start":{"line":50,"column":32},"end":{"line":53,"column":3}},"30":{"start":{"line":54,"column":33},"end":{"line":57,"column":3}},"31":{"start":{"line":60,"column":4},"end":{"line":60,"column":89}},"32":{"start":{"line":63,"column":4},"end":{"line":63,"column":64}},"33":{"start":{"line":66,"column":4},"end":{"line":69,"column":11}},"34":{"start":{"line":71,"column":27},"end":{"line":71,"column":59}},"35":{"start":{"line":72,"column":19},"end":{"line":72,"column":40}},"36":{"start":{"line":73,"column":24},"end":{"line":73,"column":77}},"37":{"start":{"line":76,"column":4},"end":{"line":76,"column":91}},"38":{"start":{"line":78,"column":2},"end":{"line":92,"column":4}},"39":{"start":{"line":96,"column":2},"end":{"line":99,"column":3}},"40":{"start":{"line":97,"column":14},"end":{"line":97,"column":55}},"41":{"start":{"line":98,"column":4},"end":{"line":98,"column":37}},"42":{"start":{"line":98,"column":28},"end":{"line":98,"column":37}},"43":{"start":{"line":100,"column":2},"end":{"line":100,"column":19}},"44":{"start":{"line":104,"column":28},"end":{"line":108,"column":1}},"45":{"start":{"line":115,"column":2},"end":{"line":115,"column":76}},"46":{"start":{"line":115,"column":66},"end":{"line":115,"column":76}},"47":{"start":{"line":116,"column":2},"end":{"line":119,"column":21}},"48":{"start":{"line":117,"column":19},"end":{"line":117,"column":43}},"49":{"start":{"line":118,"column":16},"end":{"line":118,"column":43}},"50":{"start":{"line":126,"column":14},"end":{"line":126,"column":16}},"51":{"start":{"line":127,"column":2},"end":{"line":127,"column":48}},"52":{"start":{"line":127,"column":28},"end":{"line":127,"column":48}},"53":{"start":{"line":128,"column":2},"end":{"line":128,"column":45}},"54":{"start":{"line":128,"column":25},"end":{"line":128,"column":45}},"55":{"start":{"line":129,"column":2},"end":{"line":129,"column":66}},"56":{"start":{"line":129,"column":37},"end":{"line":129,"column":66}},"57":{"start":{"line":130,"column":2},"end":{"line":132,"column":3}},"58":{"start":{"line":131,"column":4},"end":{"line":131,"column":26}},"59":{"start":{"line":133,"column":2},"end":{"line":133,"column":13}},"60":{"start":{"line":136,"column":0},"end":{"line":142,"column":2}}},"fnMap":{"0":{"name":"calculateRiskScore","decl":{"start":{"line":7,"column":9},"end":{"line":7,"column":27}},"loc":{"start":{"line":7,"column":54},"end":{"line":9,"column":1}},"line":7},"1":{"name":"ageFromDateOfBirth","decl":{"start":{"line":11,"column":9},"end":{"line":11,"column":27}},"loc":{"start":{"line":11,"column":41},"end":{"line":17,"column":1}},"line":11},"2":{"name":"parseLabNumber","decl":{"start":{"line":19,"column":9},"end":{"line":19,"column":23}},"loc":{"start":{"line":19,"column":45},"end":{"line":26,"column":1}},"line":19},"3":{"name":"(anonymous_3)","decl":{"start":{"line":22,"column":30},"end":{"line":22,"column":31}},"loc":{"start":{"line":22,"column":37},"end":{"line":22,"column":75}},"line":22},"4":{"name":"computeBmi","decl":{"start":{"line":28,"column":9},"end":{"line":28,"column":19}},"loc":{"start":{"line":28,"column":40},"end":{"line":34,"column":1}},"line":28},"5":{"name":"buildHealthData","decl":{"start":{"line":40,"column":9},"end":{"line":40,"column":24}},"loc":{"start":{"line":40,"column":58},"end":{"line":93,"column":1}},"line":40},"6":{"name":"coalesceNum","decl":{"start":{"line":95,"column":9},"end":{"line":95,"column":20}},"loc":{"start":{"line":95,"column":30},"end":{"line":101,"column":1}},"line":95},"7":{"name":"deriveKgDiseaseIds","decl":{"start":{"line":114,"column":9},"end":{"line":114,"column":27}},"loc":{"start":{"line":114,"column":60},"end":{"line":120,"column":1}},"line":114},"8":{"name":"(anonymous_8)","decl":{"start":{"line":117,"column":12},"end":{"line":117,"column":13}},"loc":{"start":{"line":117,"column":19},"end":{"line":117,"column":43}},"line":117},"9":{"name":"(anonymous_9)","decl":{"start":{"line":118,"column":9},"end":{"line":118,"column":10}},"loc":{"start":{"line":118,"column":16},"end":{"line":118,"column":43}},"line":118},"10":{"name":"deriveKgRiskFactorIds","decl":{"start":{"line":125,"column":9},"end":{"line":125,"column":30}},"loc":{"start":{"line":125,"column":43},"end":{"line":134,"column":1}},"line":125}},"branchMap":{"0":{"loc":{"start":{"line":7,"column":40},"end":{"line":7,"column":52}},"type":"default-arg","locations":[{"start":{"line":7,"column":50},"end":{"line":7,"column":52}}],"line":7},"1":{"loc":{"start":{"line":12,"column":2},"end":{"line":12,"column":37}},"type":"if","locations":[{"start":{"line":12,"column":2},"end":{"line":12,"column":37}},{"start":{},"end":{}}],"line":12},"2":{"loc":{"start":{"line":13,"column":12},"end":{"line":13,"column":77}},"type":"cond-expr","locations":[{"start":{"line":13,"column":42},"end":{"line":13,"column":53}},{"start":{"line":13,"column":56},"end":{"line":13,"column":77}}],"line":13},"3":{"loc":{"start":{"line":14,"column":2},"end":{"line":14,"column":50}},"type":"if","locations":[{"start":{"line":14,"column":2},"end":{"line":14,"column":50}},{"start":{},"end":{}}],"line":14},"4":{"loc":{"start":{"line":20,"column":2},"end":{"line":20,"column":51}},"type":"if","locations":[{"start":{"line":20,"column":2},"end":{"line":20,"column":51}},{"start":{},"end":{}}],"line":20},"5":{"loc":{"start":{"line":21,"column":13},"end":{"line":21,"column":75}},"type":"cond-expr","locations":[{"start":{"line":21,"column":41},"end":{"line":21,"column":48}},{"start":{"line":21,"column":51},"end":{"line":21,"column":75}}],"line":21},"6":{"loc":{"start":{"line":22,"column":37},"end":{"line":22,"column":75}},"type":"binary-expr","locations":[{"start":{"line":22,"column":37},"end":{"line":22,"column":38}},{"start":{"line":22,"column":42},"end":{"line":22,"column":75}}],"line":22},"7":{"loc":{"start":{"line":22,"column":57},"end":{"line":22,"column":73}},"type":"binary-expr","locations":[{"start":{"line":22,"column":57},"end":{"line":22,"column":67}},{"start":{"line":22,"column":71},"end":{"line":22,"column":73}}],"line":22},"8":{"loc":{"start":{"line":23,"column":2},"end":{"line":23,"column":50}},"type":"if","locations":[{"start":{"line":23,"column":2},"end":{"line":23,"column":50}},{"start":{},"end":{}}],"line":23},"9":{"loc":{"start":{"line":23,"column":6},"end":{"line":23,"column":31}},"type":"binary-expr","locations":[{"start":{"line":23,"column":6},"end":{"line":23,"column":10}},{"start":{"line":23,"column":14},"end":{"line":23,"column":31}}],"line":23},"10":{"loc":{"start":{"line":25,"column":9},"end":{"line":25,"column":43}},"type":"cond-expr","locations":[{"start":{"line":25,"column":30},"end":{"line":25,"column":31}},{"start":{"line":25,"column":34},"end":{"line":25,"column":43}}],"line":25},"11":{"loc":{"start":{"line":29,"column":2},"end":{"line":29,"column":47}},"type":"if","locations":[{"start":{"line":29,"column":2},"end":{"line":29,"column":47}},{"start":{},"end":{}}],"line":29},"12":{"loc":{"start":{"line":29,"column":6},"end":{"line":29,"column":28}},"type":"binary-expr","locations":[{"start":{"line":29,"column":6},"end":{"line":29,"column":15}},{"start":{"line":29,"column":19},"end":{"line":29,"column":28}}],"line":29},"13":{"loc":{"start":{"line":31,"column":2},"end":{"line":31,"column":31}},"type":"if","locations":[{"start":{"line":31,"column":2},"end":{"line":31,"column":31}},{"start":{},"end":{}}],"line":31},"14":{"loc":{"start":{"line":33,"column":9},"end":{"line":33,"column":69}},"type":"cond-expr","locations":[{"start":{"line":33,"column":32},"end":{"line":33,"column":57}},{"start":{"line":33,"column":60},"end":{"line":33,"column":69}}],"line":33},"15":{"loc":{"start":{"line":41,"column":12},"end":{"line":41,"column":56}},"type":"cond-expr","locations":[{"start":{"line":41,"column":47},"end":{"line":41,"column":51}},{"start":{"line":41,"column":54},"end":{"line":41,"column":56}}],"line":41},"16":{"loc":{"start":{"line":41,"column":12},"end":{"line":41,"column":44}},"type":"binary-expr","locations":[{"start":{"line":41,"column":12},"end":{"line":41,"column":16}},{"start":{"line":41,"column":20},"end":{"line":41,"column":44}}],"line":41},"17":{"loc":{"start":{"line":42,"column":12},"end":{"line":42,"column":37}},"type":"binary-expr","locations":[{"start":{"line":42,"column":12},"end":{"line":42,"column":31}},{"start":{"line":42,"column":35},"end":{"line":42,"column":37}}],"line":42},"18":{"loc":{"start":{"line":43,"column":15},"end":{"line":43,"column":44}},"type":"binary-expr","locations":[{"start":{"line":43,"column":15},"end":{"line":43,"column":38}},{"start":{"line":43,"column":42},"end":{"line":43,"column":44}}],"line":43},"19":{"loc":{"start":{"line":46,"column":4},"end":{"line":48,"column":6}},"type":"binary-expr","locations":[{"start":{"line":46,"column":5},"end":{"line":46,"column":63}},{"start":{"line":47,"column":4},"end":{"line":47,"column":43}},{"start":{"line":48,"column":4},"end":{"line":48,"column":6}}],"line":46},"20":{"loc":{"start":{"line":46,"column":5},"end":{"line":46,"column":63}},"type":"cond-expr","locations":[{"start":{"line":46,"column":38},"end":{"line":46,"column":51}},{"start":{"line":46,"column":54},"end":{"line":46,"column":63}}],"line":46},"21":{"loc":{"start":{"line":60,"column":4},"end":{"line":60,"column":89}},"type":"binary-expr","locations":[{"start":{"line":60,"column":4},"end":{"line":60,"column":82}},{"start":{"line":60,"column":86},"end":{"line":60,"column":89}}],"line":60},"22":{"loc":{"start":{"line":63,"column":4},"end":{"line":63,"column":64}},"type":"binary-expr","locations":[{"start":{"line":63,"column":4},"end":{"line":63,"column":58}},{"start":{"line":63,"column":62},"end":{"line":63,"column":64}}],"line":63},"23":{"loc":{"start":{"line":66,"column":4},"end":{"line":69,"column":11}},"type":"binary-expr","locations":[{"start":{"line":66,"column":4},"end":{"line":69,"column":5}},{"start":{"line":69,"column":9},"end":{"line":69,"column":11}}],"line":66},"24":{"loc":{"start":{"line":71,"column":27},"end":{"line":71,"column":59}},"type":"binary-expr","locations":[{"start":{"line":71,"column":27},"end":{"line":71,"column":45}},{"start":{"line":71,"column":49},"end":{"line":71,"column":59}}],"line":71},"25":{"loc":{"start":{"line":72,"column":19},"end":{"line":72,"column":40}},"type":"binary-expr","locations":[{"start":{"line":72,"column":19},"end":{"line":72,"column":29}},{"start":{"line":72,"column":33},"end":{"line":72,"column":40}}],"line":72},"26":{"loc":{"start":{"line":73,"column":24},"end":{"line":73,"column":77}},"type":"cond-expr","locations":[{"start":{"line":73,"column":57},"end":{"line":73,"column":72}},{"start":{"line":73,"column":75},"end":{"line":73,"column":77}}],"line":73},"27":{"loc":{"start":{"line":76,"column":4},"end":{"line":76,"column":91}},"type":"cond-expr","locations":[{"start":{"line":76,"column":34},"end":{"line":76,"column":42}},{"start":{"line":76,"column":45},"end":{"line":76,"column":91}}],"line":76},"28":{"loc":{"start":{"line":76,"column":45},"end":{"line":76,"column":91}},"type":"cond-expr","locations":[{"start":{"line":76,"column":73},"end":{"line":76,"column":79}},{"start":{"line":76,"column":82},"end":{"line":76,"column":91}}],"line":76},"29":{"loc":{"start":{"line":97,"column":14},"end":{"line":97,"column":55}},"type":"cond-expr","locations":[{"start":{"line":97,"column":38},"end":{"line":97,"column":39}},{"start":{"line":97,"column":42},"end":{"line":97,"column":55}}],"line":97},"30":{"loc":{"start":{"line":98,"column":4},"end":{"line":98,"column":37}},"type":"if","locations":[{"start":{"line":98,"column":4},"end":{"line":98,"column":37}},{"start":{},"end":{}}],"line":98},"31":{"loc":{"start":{"line":114,"column":44},"end":{"line":114,"column":58}},"type":"default-arg","locations":[{"start":{"line":114,"column":54},"end":{"line":114,"column":58}}],"line":114},"32":{"loc":{"start":{"line":115,"column":2},"end":{"line":115,"column":76}},"type":"if","locations":[{"start":{"line":115,"column":2},"end":{"line":115,"column":76}},{"start":{},"end":{}}],"line":115},"33":{"loc":{"start":{"line":115,"column":6},"end":{"line":115,"column":64}},"type":"binary-expr","locations":[{"start":{"line":115,"column":6},"end":{"line":115,"column":21}},{"start":{"line":115,"column":25},"end":{"line":115,"column":64}}],"line":115},"34":{"loc":{"start":{"line":127,"column":2},"end":{"line":127,"column":48}},"type":"if","locations":[{"start":{"line":127,"column":2},"end":{"line":127,"column":48}},{"start":{},"end":{}}],"line":127},"35":{"loc":{"start":{"line":128,"column":2},"end":{"line":128,"column":45}},"type":"if","locations":[{"start":{"line":128,"column":2},"end":{"line":128,"column":45}},{"start":{},"end":{}}],"line":128},"36":{"loc":{"start":{"line":129,"column":2},"end":{"line":129,"column":66}},"type":"if","locations":[{"start":{"line":129,"column":2},"end":{"line":129,"column":66}},{"start":{},"end":{}}],"line":129},"37":{"loc":{"start":{"line":130,"column":2},"end":{"line":132,"column":3}},"type":"if","locations":[{"start":{"line":130,"column":2},"end":{"line":132,"column":3}},{"start":{},"end":{}}],"line":130},"38":{"loc":{"start":{"line":130,"column":48},"end":{"line":130,"column":81}},"type":"binary-expr","locations":[{"start":{"line":130,"column":48},"end":{"line":130,"column":75}},{"start":{"line":130,"column":79},"end":{"line":130,"column":81}}],"line":130}},"s":{"0":2,"1":1,"2":1,"3":0,"4":1,"5":1,"6":0,"7":1,"8":1,"9":2,"10":0,"11":2,"12":2,"13":2,"14":2,"15":1,"16":1,"17":1,"18":1,"19":0,"20":1,"21":1,"22":0,"23":1,"24":1,"25":1,"26":1,"27":1,"28":1,"29":1,"30":1,"31":1,"32":1,"33":1,"34":1,"35":1,"36":1,"37":1,"38":1,"39":5,"40":10,"41":10,"42":3,"43":2,"44":2,"45":0,"46":0,"47":0,"48":0,"49":0,"50":1,"51":1,"52":1,"53":1,"54":1,"55":1,"56":0,"57":1,"58":1,"59":1,"60":2},"f":{"0":1,"1":1,"2":2,"3":2,"4":1,"5":1,"6":5,"7":0,"8":0,"9":0,"10":1},"b":{"0":[0],"1":[0,1],"2":[1,0],"3":[0,1],"4":[0,2],"5":[2,0],"6":[2,2],"7":[2,0],"8":[1,1],"9":[2,1],"10":[1,0],"11":[0,1],"12":[1,1],"13":[0,1],"14":[1,0],"15":[1,0],"16":[1,1],"17":[1,0],"18":[1,0],"19":[1,1,0],"20":[0,1],"21":[1,0],"22":[1,0],"23":[1,1],"24":[1,1],"25":[1,1],"26":[0,1],"27":[0,1],"28":[1,0],"29":[3,7],"30":[3,7],"31":[0],"32":[0,0],"33":[0,0],"34":[1,0],"35":[1,0],"36":[0,1],"37":[1,0],"38":[1,0]},"_coverageSchema":"1a1c01bbd47fc00a2c39e90264f33305004495a9","hash":"37363cadbae507d90777aabf67b523d05bdfcc8c"}
,"C:\\Users\\vansh\\OneDrive\\Desktop\\React-Native\\Palloti hackathon\\project-03\\services\\riskScoringEngine.js": {"path":"C:\\Users\\vansh\\OneDrive\\Desktop\\React-Native\\Palloti hackathon\\project-03\\services\\riskScoringEngine.js","statementMap":{"0":{"start":{"line":11,"column":14},"end":{"line":11,"column":58}},"1":{"start":{"line":11,"column":29},"end":{"line":11,"column":58}},"2":{"start":{"line":13,"column":15},"end":{"line":13,"column":33}},"3":{"start":{"line":35,"column":12},"end":{"line":35,"column":50}},"4":{"start":{"line":36,"column":14},"end":{"line":36,"column":45}},"5":{"start":{"line":37,"column":14},"end":{"line":37,"column":46}},"6":{"start":{"line":38,"column":14},"end":{"line":38,"column":27}},"7":{"start":{"line":39,"column":15},"end":{"line":39,"column":36}},"8":{"start":{"line":40,"column":14},"end":{"line":40,"column":27}},"9":{"start":{"line":41,"column":13},"end":{"line":41,"column":33}},"10":{"start":{"line":43,"column":2},"end":{"line":62,"column":4}},"11":{"start":{"line":60,"column":36},"end":{"line":60,"column":87}},"12":{"start":{"line":66,"column":14},"end":{"line":68,"column":3}},"13":{"start":{"line":67,"column":4},"end":{"line":67,"column":55}},"14":{"start":{"line":69,"column":13},"end":{"line":69,"column":62}},"15":{"start":{"line":69,"column":28},"end":{"line":69,"column":61}},"16":{"start":{"line":70,"column":14},"end":{"line":70,"column":70}},"17":{"start":{"line":70,"column":29},"end":{"line":70,"column":69}},"18":{"start":{"line":71,"column":2},"end":{"line":71,"column":26}},"19":{"start":{"line":76,"column":14},"end":{"line":76,"column":30}},"20":{"start":{"line":77,"column":2},"end":{"line":77,"column":37}},"21":{"start":{"line":77,"column":16},"end":{"line":77,"column":37}},"22":{"start":{"line":78,"column":2},"end":{"line":78,"column":37}},"23":{"start":{"line":78,"column":16},"end":{"line":78,"column":37}},"24":{"start":{"line":79,"column":2},"end":{"line":79,"column":35}},"25":{"start":{"line":79,"column":16},"end":{"line":79,"column":35}},"26":{"start":{"line":80,"column":2},"end":{"line":80,"col
[...]
umn":35}}],"line":112},"63":{"loc":{"start":{"line":113,"column":9},"end":{"line":113,"column":20}},"type":"cond-expr","locations":[{"start":{"line":113,"column":15},"end":{"line":113,"column":16}},{"start":{"line":113,"column":19},"end":{"line":113,"column":20}}],"line":113},"64":{"loc":{"start":{"line":119,"column":22},"end":{"line":119,"column":34}},"type":"cond-expr","locations":[{"start":{"line":119,"column":28},"end":{"line":119,"column":30}},{"start":{"line":119,"column":33},"end":{"line":119,"column":34}}],"line":119},"65":{"loc":{"start":{"line":130,"column":2},"end":{"line":130,"column":48}},"type":"if","locations":[{"start":{"line":130,"column":2},"end":{"line":130,"column":48}},{"start":{},"end":{}}],"line":130},"66":{"loc":{"start":{"line":130,"column":23},"end":{"line":130,"column":47}},"type":"cond-expr","locations":[{"start":{"line":130,"column":42},"end":{"line":130,"column":43}},{"start":{"line":130,"column":46},"end":{"line":130,"column":47}}],"line":130},"67":{"loc":{"start":{"line":131,"column":2},"end":{"line":131,"column":53}},"type":"if","locations":[{"start":{"line":131,"column":2},"end":{"line":131,"column":53}},{"start":{},"end":{}}],"line":131},"68":{"loc":{"start":{"line":131,"column":28},"end":{"line":131,"column":52}},"type":"cond-expr","locations":[{"start":{"line":131,"column":47},"end":{"line":131,"column":48}},{"start":{"line":131,"column":51},"end":{"line":131,"column":52}}],"line":131},"69":{"loc":{"start":{"line":132,"column":2},"end":{"line":132,"column":24}},"type":"if","locations":[{"start":{"line":132,"column":2},"end":{"line":132,"column":24}},{"start":{},"end":{}}],"line":132},"70":{"loc":{"start":{"line":138,"column":2},"end":{"line":140,"column":49}},"type":"if","locations":[{"start":{"line":138,"column":2},"end":{"line":140,"column":49}},{"start":{"line":139,"column":7},"end":{"line":140,"column":49}}],"line":138},"71":{"loc":{"start":{"line":139,"column":7},"end":{"line":140,"column":49}},"type":"if","locations":[{"start":{"line":139,"column":7},"end":{"line":140,"column":49}},{"start":{"line":140,"column":7},"end":{"line":140,"column":49}}],"line":139},"72":{"loc":{"start":{"line":140,"column":7},"end":{"line":140,"column":49}},"type":"if","locations":[{"start":{"line":140,"column":7},"end":{"line":140,"column":49}},{"start":{},"end":{}}],"line":140},"73":{"loc":{"start":{"line":148,"column":2},"end":{"line":150,"column":14}},"type":"if","locations":[{"start":{"line":148,"column":2},"end":{"line":150,"column":14}},{"start":{"line":149,"column":7},"end":{"line":150,"column":14}}],"line":148},"74":{"loc":{"start":{"line":149,"column":7},"end":{"line":150,"column":14}},"type":"if","locations":[{"start":{"line":149,"column":7},"end":{"line":150,"column":14}},{"start":{"line":150,"column":7},"end":{"line":150,"column":14}}],"line":149},"75":{"loc":{"start":{"line":152,"column":2},"end":{"line":155,"column":14}},"type":"if","locations":[{"start":{"line":152,"column":2},"end":{"line":155,"column":14}},{"start":{"line":153,"column":7},"end":{"line":155,"column":14}}],"line":152},"76":{"loc":{"start":{"line":153,"column":7},"end":{"line":155,"column":14}},"type":"if","locations":[{"start":{"line":153,"column":7},"end":{"line":155,"column":14}},{"start":{"line":154,"column":7},"end":{"line":155,"column":14}}],"line":153},"77":{"loc":{"start":{"line":154,"column":7},"end":{"line":155,"column":14}},"type":"if","locations":[{"start":{"line":154,"column":7},"end":{"line":155,"column":14}},{"start":{"line":155,"column":7},"end":{"line":155,"column":14}}],"line":154},"78":{"loc":{"start":{"line":158,"column":2},"end":{"line":159,"column":48}},"type":"if","locations":[{"start":{"line":158,"column":2},"end":{"line":159,"column":48}},{"start":{"line":159,"column":7},"end":{"line":159,"column":48}}],"line":158},"79":{"loc":{"start":{"line":159,"column":7},"end":{"line":159,"column":48}},"type":"if","locations":[{"start":{"line":159,"column":7},"end":{"line":159,"column":48}},{"start":{},"end":{}}],"line":159},"80":{"loc":{"start":{"line":162,"column":2},"end":{"line":163,"column":46}},"type":"if","locations":[{"start":{"line":162,"column":2},"end":{"line":163,"column":46}},{"start":{"line":163,"column":7},"end":{"line":163,"column":46}}],"line":162},"81":{"loc":{"start":{"line":163,"column":7},"end":{"line":163,"column":46}},"type":"if","locations":[{"start":{"line":163,"column":7},"end":{"line":163,"column":46}},{"start":{},"end":{}}],"line":163},"82":{"loc":{"start":{"line":165,"column":2},"end":{"line":165,"column":66}},"type":"if","locations":[{"start":{"line":165,"column":2},"end":{"line":165,"column":66}},{"start":{},"end":{}}],"line":165},"83":{"loc":{"start":{"line":165,"column":6},"end":{"line":165,"column":57}},"type":"binary-expr","locations":[{"start":{"line":165,"column":6},"end":{"line":165,"column":36}},{"start":{"line":165,"column":40},"end":{"line":165,"column":57}}],"line":165},"84":{"loc":{"start":{"line":166,"column":2},"end":{"line":166,"column":56}},"type":"if","locations":[{"start":{"line":166,"column":2},"end":{"line":166,"column":56}},{"start":{},"end":{}}],"line":166},"85":{"loc":{"start":{"line":166,"column":6},"end":{"line":166,"column":47}},"type":"binary-expr","locations":[{"start":{"line":166,"column":6},"end":{"line":166,"column":25}},{"start":{"line":166,"column":29},"end":{"line":166,"column":47}}],"line":166},"86":{"loc":{"start":{"line":167,"column":2},"end":{"line":167,"column":28}},"type":"if","locations":[{"start":{"line":167,"column":2},"end":{"line":167,"column":28}},{"start":{},"end":{}}],"line":167},"87":{"loc":{"start":{"line":168,"column":2},"end":{"line":168,"column":21}},"type":"if","locations":[{"start":{"line":168,"column":2},"end":{"line":168,"column":21}},{"start":{},"end":{}}],"line":168},"88":{"loc":{"start":{"line":174,"column":2},"end":{"line":174,"column":29}},"type":"if","locations":[{"start":{"line":174,"column":2},"end":{"line":174,"column":29}},{"start":{},"end":{}}],"line":174},"89":{"loc":{"start":{"line":175,"column":2},"end":{"line":175,"column":51}},"type":"if","locations":[{"start":{"line":175,"column":2},"end":{"line":175,"column":51}},{"start":{},"end":{}}],"line":175},"90":{"loc":{"start":{"line":176,"column":2},"end":{"line":176,"column":52}},"type":"if","locations":[{"start":{"line":176,"column":2},"end":{"line":176,"column":52}},{"start":{},"end":{}}],"line":176},"91":{"loc":{"start":{"line":181,"column":2},"end":{"line":181,"column":99}},"type":"if","locations":[{"start":{"line":181,"column":2},"end":{"line":181,"column":99}},{"start":{},"end":{}}],"line":181},"92":{"loc":{"start":{"line":182,"column":2},"end":{"line":182,"column":106}},"type":"if","locations":[{"start":{"line":182,"column":2},"end":{"line":182,"column":106}},{"start":{},"end":{}}],"line":182},"93":{"loc":{"start":{"line":183,"column":2},"end":{"line":183,"column":84}},"type":"if","locations":[{"start":{"line":183,"column":2},"end":{"line":183,"column":84}},{"start":{},"end":{}}],"line":183},"94":{"loc":{"start":{"line":184,"column":2},"end":{"line":184,"column":78}},"type":"if","locations":[{"start":{"line":184,"column":2},"end":{"line":184,"column":78}},{"start":{},"end":{}}],"line":184},"95":{"loc":{"start":{"line":185,"column":2},"end":{"line":185,"column":72}},"type":"if","locations":[{"start":{"line":185,"column":2},"end":{"line":185,"column":72}},{"start":{},"end":{}}],"line":185},"96":{"loc":{"start":{"line":191,"column":2},"end":{"line":191,"column":82}},"type":"if","locations":[{"start":{"line":191,"column":2},"end":{"line":191,"column":82}},{"start":{},"end":{}}],"line":191},"97":{"loc":{"start":{"line":191,"column":6},"end":{"line":191,"column":30}},"type":"binary-expr","locations":[{"start":{"line":191,"column":6},"end":{"line":191,"column":16}},{"start":{"line":191,"column":20},"end":{"line":191,"column":30}}],"line":191},"98":{"loc":{"start":{"line":192,"column":2},"end":{"line":192,"column":82}},"type":"if","locations":[{"start":{"line":192,"column":2},"end":{"line":192,"column":82}},{"start":{},"end":{}}],"line":192},"99":{"loc":{"start":{"line":192,"column":6},"end":{"line":192,"column":29}},"type":"binary-expr","locations":[{"start":{"line":192,"column":6},"end":{"line":192,"column":16}},{"start":{"line":192,"column":20},"end":{"line":192,"column":29}}],"line":192},"100":{"loc":{"start":{"line":193,"column":2},"end":{"line":193,"column":82}},"type":"if","locations":[{"start":{"line":193,"column":2},"end":{"line":193,"column":82}},{"start":{},"end":{}}],"line":193},"101":{"loc":{"start":{"line":193,"column":6},"end":{"line":193,"column":29}},"type":"binary-expr","locations":[{"start":{"line":193,"column":6},"end":{"line":193,"column":16}},{"start":{"line":193,"column":20},"end":{"line":193,"column":29}}],"line":193},"102":{"loc":{"start":{"line":194,"column":2},"end":{"line":194,"column":86}},"type":"if","locations":[{"start":{"line":194,"column":2},"end":{"line":194,"column":86}},{"start":{},"end":{}}],"line":194},"103":{"loc":{"start":{"line":194,"column":6},"end":{"line":194,"column":42}},"type":"binary-expr","locations":[{"start":{"line":194,"column":6},"end":{"line":194,"column":16}},{"start":{"line":194,"column":20},"end":{"line":194,"column":30}},{"start":{"line":194,"column":34},"end":{"line":194,"column":42}}],"line":194},"104":{"loc":{"start":{"line":201,"column":2},"end":{"line":201,"column":35}},"type":"if","locations":[{"start":{"line":201,"column":2},"end":{"line":201,"column":35}},{"start":{},"end":{}}],"line":201},"105":{"loc":{"start":{"line":202,"column":2},"end":{"line":202,"column":29}},"type":"if","locations":[{"start":{"line":202,"column":2},"end":{"line":202,"column":29}},{"start":{},"end":{}}],"line":202},"106":{"loc":{"start":{"line":203,"column":2},"end":{"line":203,"column":24}},"type":"if","locations":[{"start":{"line":203,"column":2},"end":{"line":203,"column":24}},{"start":{},"end":{}}],"line":203},"107":{"loc":{"start":{"line":218,"column":40},"end":{"line":218,"column":56}},"type":"cond-expr","locations":[{"start":{"line":218,"column":51},"end":{"line":218,"column":52}},{"start":{"line":218,"column":55},"end":{"line":218,"column":56}}],"line":218},"108":{"loc":{"start":{"line":219,"column":48},"end":{"line":219,"column":94}},"type":"cond-expr","locations":[{"start":{"line":219,"column":65},"end":{"line":219,"column":89}},{"start":{"line":219,"column":93},"end":{"line":219,"column":94}}],"line":219},"109":{"loc":{"start":{"line":219,"column":65},"end":{"line":219,"column":89}},"type":"cond-expr","locations":[{"start":{"line":219,"column":84},"end":{"line":219,"column":85}},{"start":{"line":219,"column":88},"end":{"line":219,"column":89}}],"line":219},"110":{"loc":{"start":{"line":220,"column":36},"end":{"line":220,"column":77}},"type":"cond-expr","locations":[{"start":{"line":220,"column":50},"end":{"line":220,"column":51}},{"start":{"line":220,"column":54},"end":{"line":220,"column":77}}],"line":220},"111":{"loc":{"start":{"line":220,"column":54},"end":{"line":220,"column":77}},"type":"cond-expr","locations":[{"start":{"line":220,"column":68},"end":{"line":220,"column":71}},{"start":{"line":220,"column":74},"end":{"line":220,"column":77}}],"line":220},"112":{"loc":{"start":{"line":223,"column":20},"end":{"line":223,"column":75}},"type":"cond-expr","locations":[{"start":{"line":223,"column":42},"end":{"line":223,"column":43}},{"start":{"line":223,"column":46},"end":{"line":223,"column":75}}],"line":223},"113":{"loc":{"start":{"line":223,"column":46},"end":{"line":223,"column":75}},"type":"cond-expr","locations":[{"start":{"line":223,"column":68},"end":{"line":223,"column":69}},{"start":{"line":223,"column":72},"end":{"line":223,"column":75}}],"line":223},"114":{"loc":{"start":{"line":225,"column":51},"end":{"line":225,"column":66}},"type":"cond-expr","locations":[{"start":{"line":225,"column":61},"end":{"line":225,"column":62}},{"start":{"line":225,"column":65},"end":{"line":225,"column":66}}],"line":225},"115":{"loc":{"start":{"line":226,"column":56},"end":{"line":226,"column":70}},"type":"cond-expr","locations":[{"start":{"line":226,"column":65},"end":{"line":226,"column":66}},{"start":{"line":226,"column":69},"end":{"line":226,"column":70}}],"line":226},"116":{"loc":{"start":{"line":227,"column":60},"end":{"line":227,"column":75}},"type":"cond-expr","locations":[{"start":{"line":227,"column":70},"end":{"line":227,"column":71}},{"start":{"line":227,"column":74},"end":{"line":227,"column":75}}],"line":227},"117":{"loc":{"start":{"line":230,"column":20},"end":{"line":230,"column":84}},"type":"cond-expr","locations":[{"start":{"line":230,"column":77},"end":{"line":230,"column":78}},{"start":{"line":230,"column":81},"end":{"line":230,"column":84}}],"line":230},"118":{"loc":{"start":{"line":234,"column":20},"end":{"line":234,"column":93}},"type":"cond-expr","locations":[{"start":{"line":234,"column":86},"end":{"line":234,"column":87}},{"start":{"line":234,"column":90},"end":{"line":234,"column":93}}],"line":234},"119":{"loc":{"start":{"line":238,"column":14},"end":{"line":238,"column":64}},"type":"binary-expr","locations":[{"start":{"line":238,"column":14},"end":{"line":238,"column":59}},{"start":{"line":238,"column":63},"end":{"line":238,"column":64}}],"line":238},"120":{"loc":{"start":{"line":258,"column":2},"end":{"line":258,"column":37}},"type":"if","locations":[{"start":{"line":258,"column":2},"end":{"line":258,"column":37}},{"start":{},"end":{}}],"line":258},"121":{"loc":{"start":{"line":259,"column":2},"end":{"line":259,"column":33}},"type":"if","locations":[{"start":{"line":259,"column":2},"end":{"line":259,"column":33}},{"start":{},"end":{}}],"line":259},"122":{"loc":{"start":{"line":260,"column":2},"end":{"line":260,"column":37}},"type":"if","locations":[{"start":{"line":260,"column":2},"end":{"line":260,"column":37}},{"start":{},"end":{}}],"line":260},"123":{"loc":{"start":{"line":269,"column":5},"end":{"line":269,"column":24}},"type":"cond-expr","locations":[{"start":{"line":269,"column":16},"end":{"line":269,"column":20}},{"start":{"line":269,"column":23},"end":{"line":269,"column":24}}],"line":269},"124":{"loc":{"start":{"line":270,"column":5},"end":{"line":270,"column":29}},"type":"cond-expr","locations":[{"start":{"line":270,"column":21},"end":{"line":270,"column":25}},{"start":{"line":270,"column":28},"end":{"line":270,"column":29}}],"line":270},"125":{"loc":{"start":{"line":271,"column":5},"end":{"line":271,"column":27}},"type":"cond-expr","locations":[{"start":{"line":271,"column":19},"end":{"line":271,"column":23}},{"start":{"line":271,"column":26},"end":{"line":271,"column":27}}],"line":271},"126":{"loc":{"start":{"line":272,"column":5},"end":{"line":272,"column":33}},"type":"cond-expr","locations":[{"start":{"line":272,"column":25},"end":{"line":272,"column":29}},{"start":{"line":272,"column":32},"end":{"line":272,"column":33}}],"line":272},"127":{"loc":{"start":{"line":272,"column":5},"end":{"line":272,"column":22}},"type":"binary-expr","locations":[{"start":{"line":272,"column":5},"end":{"line":272,"column":12}},{"start":{"line":272,"column":16},"end":{"line":272,"column":22}}],"line":272},"128":{"loc":{"start":{"line":283,"column":4},"end":{"line":290,"column":5}},"type":"if","locations":[{"start":{"line":283,"column":4},"end":{"line":290,"column":5}},{"start":{},"end":{}}],"line":283},"129":{"loc":{"start":{"line":341,"column":45},"end":{"line":341,"column":57}},"type":"default-arg","locations":[{"start":{"line":341,"column":55},"end":{"line":341,"column":57}}],"line":341},"130":{"loc":{"start":{"line":343,"column":16},"end":{"line":343,"column":79}},"type":"cond-expr","locations":[{"start":{"line":343,"column":64},"end":{"line":343,"column":72}},{"start":{"line":343,"column":75},"end":{"line":343,"column":79}}],"line":343},"131":{"loc":{"start":{"line":343,"column":16},"end":{"line":343,"column":61}},"type":"binary-expr","locations":[{"start":{"line":343,"column":16},"end":{"line":343,"column":28}},{"start":{"line":343,"column":32},"end":{"line":343,"column":61}}],"line":343},"132":{"loc":{"start":{"line":344,"column":14},"end":{"line":344,"column":80}},"type":"cond-expr","locations":[{"start":{"line":344,"column":63},"end":{"line":344,"column":71}},{"start":{"line":344,"column":74},"end":{"line":344,"column":80}}],"line":344},"133":{"loc":{"start":{"line":344,"column":14},"end":{"line":344,"column":60}},"type":"binary-expr","locations":[{"start":{"line":344,"column":14},"end":{"line":344,"column":38}},{"start":{"line":344,"column":42},"end":{"line":344,"column":60}}],"line":344}},"s":{"0":2,"1":42,"2":2,"3":1,"4":1,"5":1,"6":1,"7":1,"8":1,"9":1,"10":1,"11":0,"12":2,"13":0,"14":2,"15":0,"16":2,"17":0,"18":2,"19":2,"20":2,"21":0,"22":2,"23":0,"24":2,"25":0,"26":2,"27":0,"28":2,"29":2,"30":0,"31":0,"32":0,"33":0,"34":0,"35":0,"36":0,"37":0,"38":0,"39":2,"40":2,"41":2,"42":2,"43":2,"44":0,"45":2,"46":0,"47":2,"48":2,"49":0,"50":0,"51":0,"52":2,"53":2,"54":0,"55":0,"56":0,"57":0,"58":0,"59":0,"60":0,"61":0,"62":0,"63":2,"64":0,"65":2,"66":0,"67":2,"68":2,"69":0,"70":0,"71":0,"72":1,"73":1,"74":1,"75":1,"76":1,"77":1,"78":1,"79":0,"80":1,"81":0,"82":1,"83":0,"84":1,"85":1,"86":1,"87":1,"88":1,"89":0,"90":0,"91":0,"92":0,"93":1,"94":1,"95":1,"96":0,"97":1,"98":1,"99":0,"100":1,"101":0,"102":1,"103":1,"104":0,"105":0,"106":0,"107":1,"108":1,"109":0,"110":1,"111":0,"112":1,"113":1,"114":0,"115":1,"116":1,"117":1,"118":0,"119":1,"120":0,"121":1,"122":0,"123":1,"124":0,"125":1,"126":1,"127":1,"128":0,"129":0,"130":0,"131":0,"132":0,"133":1,"134":0,"135":1,"136":0,"137":1,"138":0,"139":1,"140":0,"141":1,"142":0,"143":1,"144":1,"145":0,"146":1,"147":0,"148":1,"149":1,"150":0,"151":0,"152":0,"153":1,"154":1,"155":1,"156":0,"157":1,"158":0,"159":1,"160":0,"161":1,"162":1,"163":1,"164":1,"165":1,"166":12,"167":1,"168":12,"169":26,"170":1,"171":1,"172":1,"173":1,"174":5,"175":0,"176":5,"177":1,"178":4,"179":4,"180":0,"181":1,"182":1,"183":1,"184":24,"185":48,"186":1,"187":3,"188":1,"189":1,"190":5,"191":1,"192":1,"193":4,"194":4,"195":4,"196":4,"197":4,"198":4,"199":4,"200":1,"201":1,"202":1,"203":1,"204":1,"205":1,"206":1,"207":1,"208":1,"209":1,"210":1,"211":1,"212":1,"213":1,"214":1,"215":1,"216":2},"f":{"0":42,"1":1,"2":0,"3":2,"4":0,"5":0,"6":0,"7":2,"8":2,"9":2,"10":2,"11":1,"12":1,"13":1,"14":1,"15":1,"16":1,"17":1,"18":1,"19":12,"20":12,"21":26,"22":1,"23":5,"24":1,"25":24,"26":48,"27":3,"28":1},"b":{"0":[1,0],"1":[1,1],"2":[1,0],"3":[1,0],"4":[1,0],"5":[0,0],"6":[1,0],"7":[1,0],"8":[1,0],"9":[1,0],"10":[1,0],"11":[1,0],"12":[0,0],"13":[0,2],"14":[0,0],"15":[0,2],"16":[0,0],"17":[0,2],"18":[0,0],"19":[0,2],"20":[0,0],"21":[2,0],"22":[0,2],"23":[0,0],"24":[0,0],"25":[0,0],"26":[0,0],"27":[0,0],"28":[0,0],"29":[0,0],"30":[0,0],"31":[0,0],"32":[0,2],"33":[0,2],"34":[0,2],"35":[0,2],"36":[0,2],"37":[0,0],"38":[0,2],"39":[0,0],"40":[2,0],"41":[0,2],"42":[0,0],"43":[0,0],"44":[0,0],"45":[0,2],"46":[0,0],"47":[0,0],"48":[0,0],"49":[0,0],"50":[0,0],"51":[0,0],"52":[0,0],"53":[0,0],"54":[0,0],"55":[0,2],"56":[0,0],"57":[0,2],"58":[0,0],"59":[2,0],"60":[0,2],"61":[0,0],"62":[0,0],"63":[0,0],"64":[0,1],"65":[0,1],"66":[0,0],"67":[0,1],"68":[0,0],"69":[0,1],"70":[1,0],"71":[0,0],"72":[0,0],"73":[0,1],"74":[1,0],"75":[0,1],"76":[1,0],"77":[0,0],"78":[0,1],"79":[0,1],"80":[0,1],"81":[1,0],"82":[0,1],"83":[1,1],"84":[0,1],"85":[1,0],"86":[0,1],"87":[0,1],"88":[1,0],"89":[0,0],"90":[0,0],"91":[0,1],"92":[0,1],"93":[0,1],"94":[0,1],"95":[0,1],"96":[0,1],"97":[1,1],"98":[0,1],"99":[1,1],"100":[1,0],"101":[1,0],"102":[0,0],"103":[0,0,0],"104":[0,1],"105":[0,1],"106":[0,1],"107":[0,1],"108":[0,1],"109":[0,0],"110":[0,1],"111":[1,0],"112":[0,1],"113":[0,1],"114":[0,1],"115":[0,1],"116":[0,1],"117":[0,1],"118":[0,1],"119":[1,0],"120":[0,5],"121":[1,4],"122":[4,0],"123":[0,1],"124":[0,1],"125":[0,1],"126":[0,1],"127":[1,1],"128":[1,4],"129":[0],"130":[0,1],"131":[1,1],"132":[0,1],"133":[1,1]},"_coverageSchema":"1a1c01bbd47fc00a2c39e90264f33305004495a9","hash":"34d992145a67436e9a44491be3c87078d36309db"}
}
