TN:
SF:app.js
FN:16,createApp
FN:30,(anonymous_1)
FN:46,(anonymous_2)
FNF:3
FNH:2
FNDA:1,createApp
FNDA:1,(anonymous_1)
FNDA:0,(anonymous_2)
DA:1,1
DA:2,1
DA:3,1
DA:4,1
DA:5,1
DA:6,1
DA:8,1
DA:9,1
DA:10,1
DA:11,1
DA:12,1
DA:13,1
DA:14,1
DA:17,1
DA:19,1
DA:20,1
DA:26,1
DA:27,1
DA:28,1
DA:30,1
DA:31,1
DA:34,1
DA:35,1
DA:36,1
DA:37,1
DA:38,1
DA:39,1
DA:41,1
DA:42,1
DA:43,1
DA:46,1
DA:47,0
DA:48,0
DA:50,0
DA:51,0
DA:52,0
DA:54,0
DA:57,1
DA:59,1
DA:62,1
LF:40
LH:34
BRDA:22,0,0,1
BRDA:22,0,1,1
BRDA:42,1,0,1
BRDA:42,1,1,0
BRDA:47,2,0,0
BRDA:47,2,1,0
BRDA:51,3,0,0
BRDA:51,3,1,0
BRF:8
BRH:3
end_of_record
TN:
SF:middleware\auth.js
FN:3,getJwtSecret
FN:9,signToken
FN:13,authRequired
FN:27,ensurePatientMatch
FNF:4
FNH:3
FNDA:1,getJwtSecret
FNDA:1,signToken
FNDA:1,authRequired
FNDA:0,ensurePatientMatch
DA:1,2
DA:4,1
DA:5,1
DA:6,1
DA:10,1
DA:14,1
DA:15,1
DA:16,1
DA:18,0
DA:19,0
DA:20,0
DA:21,0
DA:23,0
DA:28,0
DA:29,0
DA:30,0
DA:32,0
DA:35,2
LF:18
LH:9
BRDA:5,0,0,0
BRDA:5,0,1,1
BRDA:15,1,0,1
BRDA:15,1,1,0
BRDA:15,2,0,1
BRDA:15,2,1,0
BRDA:29,3,0,0
BRDA:29,3,1,0
BRDA:29,4,0,0
BRDA:29,4,1,0
BRF:10
BRH:3
end_of_record
TN:
SF:middleware\errorHandler.js
FN:1,(anonymous_0)
FNF:1
FNH:0
FNDA:0,(anonymous_0)
DA:1,1
DA:2,0
DA:3,0
DA:5,0
DA:12,1
LF:5
LH:2
BRDA:2,0,0,0
BRDA:2,0,1,0
BRDA:3,1,0,0
BRDA:3,1,1,0
BRDA:3,2,0,0
BRDA:3,2,1,0
BRDA:7,3,0,0
BRDA:7,3,1,0
BRDA:8,4,0,0
BRDA:8,4,1,0
BRF:10
BRH:0
end_of_record
TN:
SF:routes\authRoutes.js
FN:9,(anonymous_0)
FN:57,(anonymous_1)
FN:94,(anonymous_2)
FNF:3
FNH:0
FNDA:0,(anonymous_0)
FNDA:0,(anonymous_1)
FNDA:0,(anonymous_2)
DA:1,1
DA:2,1
DA:3,1
DA:4,1
DA:5,1
DA:7,1
DA:9,1
DA:10,0
DA:11,0
DA:12,0
DA:13,0
DA:18,0
DA:19,0
DA:20,0
DA:23,0
DA:28,0
DA:29,0
DA:36,0
DA:42,0
DA:53,0
DA:57,1
DA:58,0
DA:59,0
DA:60,0
DA:61,0
DA:63,0
DA:64,0
DA:65,0
DA:67,0
DA:68,0
DA:69,0
DA:72,0
DA:78,0
DA:89,0
DA:94,1
DA:95,0
DA:101,1
LF:37
LH:10
BRDA:11,0,0,0
BRDA:11,0,1,0
BRDA:12,1,0,0
BRDA:12,1,1,0
BRDA:12,2,0,0
BRDA:12,2,1,0
BRDA:12,2,2,0
BRDA:19,3,0,0
BRDA:19,3,1,0
BRDA:59,4,0,0
BRDA:59,4,1,0
BRDA:60,5,0,0
BRDA:60,5,1,0
BRDA:60,6,0,0
BRDA:60,6,1,0
BRDA:64,7,0,0
BRDA:64,7,1,0
BRDA:64,8,0,0
BRDA:64,8,1,0
BRDA:68,9,0,0
BRDA:68,9,1,0
BRF:21
BRH:0
end_of_record
TN:
SF:routes\chatRoutes.js
FN:8,(anonymous_0)
FNF:1
FNH:0
FNDA:0,(anonymous_0)
DA:1,1
DA:2,1
DA:3,1
DA:4,1
DA:6,1
DA:8,1
DA:9,0
DA:10,0
DA:11,0
DA:12,0
DA:15,0
DA:16,0
DA:17,0
DA:18,0
DA:19,0
DA:27,0
DA:28,0
DA:30,0
DA:34,1
LF:19
LH:7
BRDA:10,0,0,0
BRDA:10,0,1,0
BRDA:11,1,0,0
BRDA:11,1,1,0
BRDA:11,2,0,0
BRDA:11,2,1,0
BRDA:16,3,0,0
BRDA:16,3,1,0
BRDA:16,4,0,0
BRDA:16,4,1,0
BRDA:18,5,0,0
BRDA:18,5,1,0
BRF:12
BRH:0
end_of_record
TN:
SF:routes\graphRoutes.js
FN:7,(anonymous_0)
FN:20,(anonymous_1)
FN:29,(anonymous_2)
FN:39,(anonymous_3)
FN:48,(anonymous_4)
FN:61,(anonymous_5)
FNF:6
FNH:0
FNDA:0,(anonymous_0)
FNDA:0,(anonymous_1)
FNDA:0,(anonymous_2)
FNDA:0,(anonymous_3)
FNDA:0,(anonymous_4)
FNDA:0,(anonymous_5)
DA:1,1
DA:2,1
DA:3,1
DA:5,1
DA:7,1
DA:8,0
DA:9,0
DA:10,0
DA:11,0
DA:12,0
DA:14,0
DA:16,0
DA:20,1
DA:21,0
DA:22,0
DA:23,0
DA:25,0
DA:29,1
DA:30,0
DA:31,0
DA:32,0
DA:33,0
DA:35,0
DA:39,1
DA:40,0
DA:41,0
DA:42,0
DA:44,0
DA:48,1
DA:49,0
DA:50,0
DA:54,0
DA:55,0
DA:57,0
DA:61,1
DA:62,0
DA:63,0
DA:64,0
DA:65,0
DA:67,0
DA:71,1
LF:41
LH:11
BRDA:11,0,0,0
BRDA:11,0,1,0
BRDA:32,1,0,0
BRDA:32,1,1,0
BRDA:54,2,0,0
BRDA:54,2,1,0
BRDA:64,3,0,0
BRDA:64,3,1,0
BRF:8
BRH:0
end_of_record
TN:
SF:routes\patientRoutes.js
FN:6,(anonymous_0)
FN:15,(anonymous_1)
FN:25,(anonymous_2)
FN:34,(anonymous_3)
FN:47,(anonymous_4)
FNF:5
FNH:0
FNDA:0,(anonymous_0)
FNDA:0,(anonymous_1)
FNDA:0,(anonymous_2)
FNDA:0,(anonymous_3)
FNDA:0,(anonymous_4)
DA:1,1
DA:2,1
DA:4,1
DA:6,1
DA:7,0
DA:8,0
DA:9,0
DA:11,0
DA:15,1
DA:16,0
DA:17,0
DA:18,0
DA:19,0
DA:21,0
DA:25,1
DA:26,0
DA:27,0
DA:28,0
DA:30,0
DA:34,1
DA:35,0
DA:36,0
DA:40,0
DA:41,0
DA:43,0
DA:47,1
DA:48,0
DA:49,0
DA:50,0
DA:51,0
DA:53,0
DA:57,1
LF:32
LH:9
BRDA:18,0,0,0
BRDA:18,0,1,0
BRDA:40,1,0,0
BRDA:40,1,1,0
BRDA:50,2,0,0
BRDA:50,2,1,0
BRF:6
BRH:0
end_of_record
TN:
SF:routes\predictionRoutes.js
FN:16,(anonymous_0)
FN:38,(anonymous_1)
FN:52,(anonymous_2)
FN:64,(anonymous_3)
FN:73,(anonymous_4)
FN:86,(anonymous_5)
FNF:6
FNH:0
FNDA:0,(anonymous_0)
FNDA:0,(anonymous_1)
FNDA:0,(anonymous_2)
FNDA:0,(anonymous_3)
FNDA:0,(anonymous_4)
FNDA:0,(anonymous_5)
DA:1,1
DA:2,1
DA:3,1
DA:4,1
DA:5,1
DA:7,1
DA:9,1
DA:16,1
DA:17,0
DA:18,0
DA:21,0
DA:22,0
DA:24,0
DA:25,0
DA:34,0
DA:38,1
DA:39,0
DA:40,0
DA:41,0
DA:42,0
DA:46,0
DA:48,0
DA:52,1
DA:53,0
DA:54,0
DA:57,0
DA:58,0
DA:60,0
DA:64,1
DA:65,0
DA:66,0
DA:67,0
DA:69,0
DA:73,1
DA:74,0
DA:75,0
DA:79,0
DA:80,0
DA:82,0
DA:86,1
DA:87,0
DA:88,0
DA:89,0
DA:90,0
DA:92,0
DA:96,1
LF:46
LH:14
BRDA:21,0,0,0
BRDA:21,0,1,0
BRDA:28,1,0,0
BRDA:28,1,1,0
BRDA:30,2,0,0
BRDA:30,2,1,0
BRDA:31,3,0,0
BRDA:31,3,1,0
BRDA:41,4,0,0
BRDA:41,4,1,0
BRDA:57,5,0,0
BRDA:57,5,1,0
BRDA:79,6,0,0
BRDA:79,6,1,0
BRDA:89,7,0,0
BRDA:89,7,1,0
BRF:16
BRH:0
end_of_record
TN:
SF:routes\recommendationRoutes.js
FN:6,(anonymous_0)
FN:20,(anonymous_1)
FN:30,(anonymous_2)
FN:39,(anonymous_3)
FN:52,(anonymous_4)
FNF:5
FNH:0
FNDA:0,(anonymous_0)
FNDA:0,(anonymous_1)
FNDA:0,(anonymous_2)
FNDA:0,(anonymous_3)
FNDA:0,(anonymous_4)
DA:1,1
DA:2,1
DA:4,1
DA:6,1
DA:7,0
DA:8,0
DA:9,0
DA:10,0
DA:14,0
DA:16,0
DA:20,1
DA:21,0
DA:22,0
DA:23,0
DA:24,0
DA:26,0
DA:30,1
DA:31,0
DA:32,0
DA:33,0
DA:35,0
DA:39,1
DA:40,0
DA:41,0
DA:45,0
DA:46,0
DA:48,0
DA:52,1
DA:53,0
DA:54,0
DA:55,0
DA:56,0
DA:58,0
DA:62,1
LF:34
LH:9
BRDA:9,0,0,0
BRDA:9,0,1,0
BRDA:23,1,0,0
BRDA:23,1,1,0
BRDA:45,2,0,0
BRDA:45,2,1,0
BRDA:55,3,0,0
BRDA:55,3,1,0
BRF:8
BRH:0
end_of_record
TN:
SF:services\geminiService.js
FN:5,requireApiKey
FN:13,getModel
FN:23,cleanJsonResponse
FN:53,generateRecommendations
FN:104,(anonymous_4)
FN:128,explainPrediction
FN:151,chatDoctorMessage
FN:164,(anonymous_7)
FN:165,(anonymous_8)
FNF:9
FNH:1
FNDA:0,requireApiKey
FNDA:0,getModel
FNDA:2,cleanJsonResponse
FNDA:0,generateRecommendations
FNDA:0,(anonymous_4)
FNDA:0,explainPrediction
FNDA:0,chatDoctorMessage
FNDA:0,(anonymous_7)
FNDA:0,(anonymous_8)
DA:1,2
DA:3,2
DA:6,0
DA:7,0
DA:8,0
DA:10,0
DA:14,0
DA:15,0
DA:24,2
DA:25,2
DA:27,2
DA:28,2
DA:29,2
DA:30,1
DA:31,1
DA:32,0
DA:34,1
DA:35,1
DA:36,1
DA:39,2
DA:40,2
DA:41,2
DA:42,2
DA:45,2
DA:54,0
DA:56,0
DA:57,0
DA:59,0
DA:81,0
DA:82,0
DA:83,0
DA:86,0
DA:87,0
DA:89,0
DA:90,0
DA:91,0
DA:92,0
DA:95,0
DA:96,0
DA:99,0
DA:100,0
DA:103,0
DA:104,0
DA:105,0
DA:106,0
DA:108,0
DA:109,0
DA:110,0
DA:113,0
DA:129,0
DA:130,0
DA:132,0
DA:141,0
DA:142,0
DA:143,0
DA:152,0
DA:153,0
DA:155,0
DA:159,0
DA:163,0
DA:164,0
DA:165,0
DA:168,0
DA:170,0
DA:171,0
DA:174,2
LF:66
LH:18
BRDA:7,0,0,0
BRDA:7,0,1,0
BRDA:7,1,0,0
BRDA:7,1,1,0
BRDA:24,2,0,0
BRDA:24,2,1,2
BRDA:29,3,0,1
BRDA:29,3,1,1
BRDA:31,4,0,0
BRDA:31,4,1,1
BRDA:41,5,0,2
BRDA:41,5,1,0
BRDA:41,6,0,2
BRDA:41,6,1,2
BRDA:56,7,0,0
BRDA:56,7,1,0
BRDA:57,8,0,0
BRDA:57,8,1,0
BRDA:95,9,0,0
BRDA:95,9,1,0
BRDA:99,10,0,0
BRDA:99,10,1,0
BRDA:105,11,0,0
BRDA:105,11,1,0
BRDA:105,12,0,0
BRDA:105,12,1,0
BRDA:109,13,0,0
BRDA:109,13,1,0
BRDA:109,14,0,0
BRDA:109,14,1,0
BRDA:130,15,0,0
BRDA:130,15,1,0
BRDA:155,16,0,0
BRDA:155,16,1,0
BRDA:159,17,0,0
BRDA:159,17,1,0
BRDA:163,18,0,0
BRDA:163,18,1,0
BRDA:164,19,0,0
BRDA:164,19,1,0
BRDA:164,19,2,0
BRDA:165,20,0,0
BRDA:165,20,1,0
BRF:43
BRH:7
end_of_record
TN:
SF:services\knowledgeGraphService.js
FN:47,normalizeIds
FN:49,(anonymous_1)
FN:56,seedKG
FN:79,getFullGraph
FN:101,getPatientSubgraph
FN:105,(anonymous_5)
FN:106,(anonymous_6)
FN:117,(anonymous_7)
FN:118,(anonymous_8)
FNF:9
FNH:2
FNDA:1,normalizeIds
FNDA:2,(anonymous_1)
FNDA:0,seedKG
FNDA:0,getFullGraph
FNDA:0,getPatientSubgraph
FNDA:0,(anonymous_5)
FNDA:0,(anonymous_6)
FNDA:0,(anonymous_7)
FNDA:0,(anonymous_8)
DA:1,2
DA:3,2
DA:9,2
DA:24,2
DA:48,1
DA:49,2
DA:57,0
DA:58,0
DA:59,0
DA:62,0
DA:71,0
DA:80,0
DA:81,0
DA:82,0
DA:85,0
DA:102,0
DA:103,0
DA:105,0
DA:106,0
DA:108,0
DA:109,0
DA:110,0
DA:111,0
DA:112,0
DA:116,0
DA:117,0
DA:118,0
DA:120,0
DA:127,2
LF:29
LH:7
BRDA:48,0,0,0
BRDA:48,0,1,1
BRDA:58,1,0,0
BRDA:58,1,1,0
BRDA:81,2,0,0
BRDA:81,2,1,0
BRDA:88,3,0,0
BRDA:88,3,1,0
BRDA:89,4,0,0
BRDA:89,4,1,0
BRDA:103,5,0,0
BRDA:103,5,1,0
BRDA:110,6,0,0
BRDA:110,6,1,0
BRDA:110,7,0,0
BRDA:110,7,1,0
BRDA:118,8,0,0
BRDA:118,8,1,0
BRF:18
BRH:1
end_of_record
TN:
SF:services\riskEngine.js
FN:7,calculateRiskScore
FN:11,ageFromDateOfBirth
FN:19,parseLabNumber
FN:22,(anonymous_3)
FN:28,computeBmi
FN:40,buildHealthData
FN:95,coalesceNum
FN:114,deriveKgDiseaseIds
FN:117,(anonymous_8)
FN:118,(anonymous_9)
FN:125,deriveKgRiskFactorIds
FNF:11
FNH:8
FNDA:1,calculateRiskScore
FNDA:1,ageFromDateOfBirth
FNDA:2,parseLabNumber
FNDA:2,(anonymous_3)
FNDA:1,computeBmi
FNDA:1,buildHealthData
FNDA:5,coalesceNum
FNDA:0,deriveKgDiseaseIds
FNDA:0,(anonymous_8)
FNDA:0,(anonymous_9)
FNDA:1,deriveKgRiskFactorIds
DA:1,2
DA:8,1
DA:12,1
DA:13,1
DA:14,1
DA:15,1
DA:16,1
DA:20,2
DA:21,2
DA:22,2
DA:23,2
DA:24,1
DA:25,1
DA:29,1
DA:30,1
DA:31,1
DA:32,1
DA:33,1
DA:41,1
DA:42,1
DA:43,1
DA:46,1
DA:50,1
DA:54,1
DA:60,1
DA:63,1
DA:66,1
DA:71,1
DA:72,1
DA:73,1
DA:76,1
DA:78,1
DA:96,5
DA:97,10
DA:98,10
DA:100,2
DA:104,2
DA:115,0
DA:116,0
DA:117,0
DA:118,0
DA:126,1
DA:127,1
DA:128,1
DA:129,1
DA:130,1
DA:131,1
DA:133,1
DA:136,2
LF:49
LH:45
BRDA:7,0,0,0
BRDA:12,1,0,0
BRDA:12,1,1,1
BRDA:13,2,0,1
BRDA:13,2,1,0
BRDA:14,3,0,0
BRDA:14,3,1,1
BRDA:20,4,0,0
BRDA:20,4,1,2
BRDA:21,5,0,2
BRDA:21,5,1,0
BRDA:22,6,0,2
BRDA:22,6,1,2
BRDA:22,7,0,2
BRDA:22,7,1,0
BRDA:23,8,0,1
BRDA:23,8,1,1
BRDA:23,9,0,2
BRDA:23,9,1,1
BRDA:25,10,0,1
BRDA:25,10,1,0
BRDA:29,11,0,0
BRDA:29,11,1,1
BRDA:29,12,0,1
BRDA:29,12,1,1
BRDA:31,13,0,0
BRDA:31,13,1,1
BRDA:33,14,0,1
BRDA:33,14,1,0
BRDA:41,15,0,1
BRDA:41,15,1,0
BRDA:41,16,0,1
BRDA:41,16,1,1
BRDA:42,17,0,1
BRDA:42,17,1,0
BRDA:43,18,0,1
BRDA:43,18,1,0
BRDA:46,19,0,1
BRDA:46,19,1,1
BRDA:46,19,2,0
BRDA:46,20,0,0
BRDA:46,20,1,1
BRDA:60,21,0,1
BRDA:60,21,1,0
BRDA:63,22,0,1
BRDA:63,22,1,0
BRDA:66,23,0,1
BRDA:66,23,1,1
BRDA:71,24,0,1
BRDA:71,24,1,1
BRDA:72,25,0,1
BRDA:72,25,1,1
BRDA:73,26,0,0
BRDA:73,26,1,1
BRDA:76,27,0,0
BRDA:76,27,1,1
BRDA:76,28,0,1
BRDA:76,28,1,0
BRDA:97,29,0,3
BRDA:97,29,1,7
BRDA:98,30,0,3
BRDA:98,30,1,7
BRDA:114,31,0,0
BRDA:115,32,0,0
BRDA:115,32,1,0
BRDA:115,33,0,0
BRDA:115,33,1,0
BRDA:127,34,0,1
BRDA:127,34,1,0
BRDA:128,35,0,1
BRDA:128,35,1,0
BRDA:129,36,0,0
BRDA:129,36,1,1
BRDA:130,37,0,1
BRDA:130,37,1,0
BRDA:130,38,0,1
BRDA:130,38,1,0
BRF:77
BRH:46
end_of_record
TN:
SF:services\riskScoringEngine.js
FN:11,(anonymous_0)
FN:34,normalizeHealthRecord
FN:60,(anonymous_2)
FN:65,familyHits
FN:66,(anonymous_4)
FN:69,(anonymous_5)
FN:70,(anonymous_6)
FN:75,agePointsFramingham
FN:89,totalCholPoints
FN:92,(anonymous_9)
FN:100,sbpPoints
FN:117,framinghamPointsToPercent10yr
FN:124,computeCVD10YearPercent
FN:146,findriscInspiredScore
FN:173,findriscToProbability
FN:180,diabetesStage
FN:190,hypertensionStageBP
FN:198,hypertensionProbabilityAndStage
FN:209,featureImportance
FN:238,(anonymous_19)
FN:240,(anonymous_20)
FN:246,(anonymous_21)
FN:250,compositeRiskScore
FN:257,riskLevelFromScore
FN:265,progressionTimeline
FN:274,(anonymous_25)
FN:274,(anonymous_26)
FN:275,(anonymous_27)
FN:341,computeRiskAssessment
FNF:29
FNH:25
FNDA:42,(anonymous_0)
FNDA:1,normalizeHealthRecord
FNDA:0,(anonymous_2)
FNDA:2,familyHits
FNDA:0,(anonymous_4)
FNDA:0,(anonymous_5)
FNDA:0,(anonymous_6)
FNDA:2,agePointsFramingham
FNDA:2,totalCholPoints
FNDA:2,(anonymous_9)
FNDA:2,sbpPoints
FNDA:1,framinghamPointsToPercent10yr
FNDA:1,computeCVD10YearPercent
FNDA:1,findriscInspiredScore
FNDA:1,findriscToProbability
FNDA:1,diabetesStage
FNDA:1,hypertensionStageBP
FNDA:1,hypertensionProbabilityAndStage
FNDA:1,featureImportance
FNDA:12,(anonymous_19)
FNDA:12,(anonymous_20)
FNDA:26,(anonymous_21)
FNDA:1,compositeRiskScore
FNDA:5,riskLevelFromScore
FNDA:1,progressionTimeline
FNDA:24,(anonymous_25)
FNDA:48,(anonymous_26)
FNDA:3,(anonymous_27)
FNDA:1,computeRiskAssessment
DA:11,42
DA:13,2
DA:35,1
DA:36,1
DA:37,1
DA:38,1
DA:39,1
DA:40,1
DA:41,1
DA:43,1
DA:60,0
DA:66,2
DA:67,0
DA:69,2
DA:70,2
DA:71,2
DA:76,2
DA:77,2
DA:78,2
DA:79,2
DA:80,2
DA:81,2
DA:82,0
DA:83,0
DA:84,0
DA:85,0
DA:86,0
DA:90,2
DA:91,2
DA:92,2
DA:93,2
DA:94,2
DA:95,2
DA:96,0
DA:97,0
DA:101,2
DA:102,2
DA:103,0
DA:104,0
DA:105,0
DA:106,0
DA:107,0
DA:109,2
DA:110,2
DA:111,2
DA:112,0
DA:113,0
DA:118,1
DA:119,1
DA:120,1
DA:121,1
DA:125,1
DA:127,1
DA:130,1
DA:131,1
DA:132,1
DA:134,1
DA:135,1
DA:137,1
DA:138,1
DA:139,0
DA:140,0
DA:142,1
DA:147,1
DA:148,1
DA:149,1
DA:150,0
DA:152,1
DA:153,1
DA:154,0
DA:155,0
DA:157,1
DA:158,1
DA:159,1
DA:161,1
DA:162,1
DA:163,1
DA:165,1
DA:166,1
DA:167,1
DA:168,1
DA:170,1
DA:174,1
DA:175,0
DA:176,0
DA:177,0
DA:181,1
DA:182,1
DA:183,1
DA:184,1
DA:185,1
DA:186,1
DA:191,1
DA:192,1
DA:193,1
DA:194,0
DA:195,0
DA:199,1
DA:200,1
DA:201,1
DA:202,1
DA:203,1
DA:204,1
DA:205,1
DA:210,1
DA:211,1
DA:238,12
DA:239,1
DA:240,12
DA:246,26
DA:251,1
DA:252,1
DA:253,1
DA:254,1
DA:258,5
DA:259,5
DA:260,4
DA:261,0
DA:266,1
DA:268,1
DA:274,48
DA:275,3
DA:281,1
DA:282,1
DA:283,5
DA:284,1
DA:289,1
DA:292,4
DA:293,4
DA:294,4
DA:296,4
DA:301,4
DA:306,4
DA:312,4
DA:334,1
DA:342,1
DA:343,1
DA:344,1
DA:345,1
DA:347,1
DA:348,1
DA:349,1
DA:350,1
DA:351,1
DA:353,1
DA:355,1
DA:358,1
DA:360,1
DA:378,1
DA:385,1
DA:391,2
LF:151
LH:124
BRDA:35,0,0,1
BRDA:35,0,1,0
BRDA:35,1,0,1
BRDA:35,1,1,1
BRDA:44,2,0,1
BRDA:44,2,1,0
BRDA:45,3,0,1
BRDA:45,3,1,0
BRDA:46,4,0,1
BRDA:46,4,1,0
BRDA:48,5,0,0
BRDA:48,5,1,0
BRDA:51,6,0,1
BRDA:51,6,1,0
BRDA:52,7,0,1
BRDA:52,7,1,0
BRDA:53,8,0,1
BRDA:53,8,1,0
BRDA:57,9,0,1
BRDA:57,9,1,0
BRDA:58,10,0,1
BRDA:58,10,1,0
BRDA:59,11,0,1
BRDA:59,11,1,0
BRDA:60,12,0,0
BRDA:60,12,1,0
BRDA:77,13,0,0
BRDA:77,13,1,2
BRDA:77,14,0,0
BRDA:77,14,1,0
BRDA:78,15,0,0
BRDA:78,15,1,2
BRDA:78,16,0,0
BRDA:78,16,1,0
BRDA:79,17,0,0
BRDA:79,17,1,2
BRDA:79,18,0,0
BRDA:79,18,1,0
BRDA:80,19,0,0
BRDA:80,19,1,2
BRDA:80,20,0,0
BRDA:80,20,1,0
BRDA:81,21,0,2
BRDA:81,21,1,0
BRDA:81,22,0,0
BRDA:81,22,1,2
BRDA:82,23,0,0
BRDA:82,23,1,0
BRDA:82,24,0,0
BRDA:82,24,1,0
BRDA:83,25,0,0
BRDA:83,25,1,0
BRDA:83,26,0,0
BRDA:83,26,1,0
BRDA:84,27,0,0
BRDA:84,27,1,0
BRDA:84,28,0,0
BRDA:84,28,1,0
BRDA:85,29,0,0
BRDA:85,29,1,0
BRDA:85,30,0,0
BRDA:85,30,1,0
BRDA:86,31,0,0
BRDA:86,31,1,0
BRDA:91,32,0,0
BRDA:91,32,1,2
BRDA:91,33,0,0
BRDA:91,33,1,2
BRDA:92,34,0,0
BRDA:92,34,1,2
BRDA:92,35,0,0
BRDA:92,35,1,2
BRDA:93,36,0,0
BRDA:93,36,1,2
BRDA:93,37,0,0
BRDA:93,37,1,0
BRDA:94,38,0,0
BRDA:94,38,1,2
BRDA:94,39,0,0
BRDA:94,39,1,0
BRDA:95,40,0,2
BRDA:95,40,1,0
BRDA:95,41,0,0
BRDA:95,41,1,2
BRDA:96,42,0,0
BRDA:96,42,1,0
BRDA:96,43,0,0
BRDA:96,43,1,0
BRDA:97,44,0,0
BRDA:97,44,1,0
BRDA:102,45,0,0
BRDA:102,45,1,2
BRDA:103,46,0,0
BRDA:103,46,1,0
BRDA:103,47,0,0
BRDA:103,47,1,0
BRDA:104,48,0,0
BRDA:104,48,1,0
BRDA:104,49,0,0
BRDA:104,49,1,0
BRDA:105,50,0,0
BRDA:105,50,1,0
BRDA:105,51,0,0
BRDA:105,51,1,0
BRDA:106,52,0,0
BRDA:106,52,1,0
BRDA:106,53,0,0
BRDA:106,53,1,0
BRDA:107,54,0,0
BRDA:107,54,1,0
BRDA:109,55,0,0
BRDA:109,55,1,2
BRDA:109,56,0,0
BRDA:109,56,1,0
BRDA:110,57,0,0
BRDA:110,57,1,2
BRDA:110,58,0,0
BRDA:110,58,1,0
BRDA:111,59,0,2
BRDA:111,59,1,0
BRDA:111,60,0,0
BRDA:111,60,1,2
BRDA:112,61,0,0
BRDA:112,61,1,0
BRDA:112,62,0,0
BRDA:112,62,1,0
BRDA:113,63,0,0
BRDA:113,63,1,0
BRDA:119,64,0,0
BRDA:119,64,1,1
BRDA:130,65,0,0
BRDA:130,65,1,1
BRDA:130,66,0,0
BRDA:130,66,1,0
BRDA:131,67,0,0
BRDA:131,67,1,1
BRDA:131,68,0,0
BRDA:131,68,1,0
BRDA:132,69,0,0
BRDA:132,69,1,1
BRDA:138,70,0,1
BRDA:138,70,1,0
BRDA:139,71,0,0
BRDA:139,71,1,0
BRDA:140,72,0,0
BRDA:140,72,1,0
BRDA:148,73,0,0
BRDA:148,73,1,1
BRDA:149,74,0,1
BRDA:149,74,1,0
BRDA:152,75,0,0
BRDA:152,75,1,1
BRDA:153,76,0,1
BRDA:153,76,1,0
BRDA:154,77,0,0
BRDA:154,77,1,0
BRDA:158,78,0,0
BRDA:158,78,1,1
BRDA:159,79,0,0
BRDA:159,79,1,1
BRDA:162,80,0,0
BRDA:162,80,1,1
BRDA:163,81,0,1
BRDA:163,81,1,0
BRDA:165,82,0,0
BRDA:165,82,1,1
BRDA:165,83,0,1
BRDA:165,83,1,1
BRDA:166,84,0,0
BRDA:166,84,1,1
BRDA:166,85,0,1
BRDA:166,85,1,0
BRDA:167,86,0,0
BRDA:167,86,1,1
BRDA:168,87,0,0
BRDA:168,87,1,1
BRDA:174,88,0,1
BRDA:174,88,1,0
BRDA:175,89,0,0
BRDA:175,89,1,0
BRDA:176,90,0,0
BRDA:176,90,1,0
BRDA:181,91,0,0
BRDA:181,91,1,1
BRDA:182,92,0,0
BRDA:182,92,1,1
BRDA:183,93,0,0
BRDA:183,93,1,1
BRDA:184,94,0,0
BRDA:184,94,1,1
BRDA:185,95,0,0
BRDA:185,95,1,1
BRDA:191,96,0,0
BRDA:191,96,1,1
BRDA:191,97,0,1
BRDA:191,97,1,1
BRDA:192,98,0,0
BRDA:192,98,1,1
BRDA:192,99,0,1
BRDA:192,99,1,1
BRDA:193,100,0,1
BRDA:193,100,1,0
BRDA:193,101,0,1
BRDA:193,101,1,0
BRDA:194,102,0,0
BRDA:194,102,1,0
BRDA:194,103,0,0
BRDA:194,103,1,0
BRDA:194,103,2,0
BRDA:201,104,0,0
BRDA:201,104,1,1
BRDA:202,105,0,0
BRDA:202,105,1,1
BRDA:203,106,0,0
BRDA:203,106,1,1
BRDA:218,107,0,0
BRDA:218,107,1,1
BRDA:219,108,0,0
BRDA:219,108,1,1
BRDA:219,109,0,0
BRDA:219,109,1,0
BRDA:220,110,0,0
BRDA:220,110,1,1
BRDA:220,111,0,1
BRDA:220,111,1,0
BRDA:223,112,0,0
BRDA:223,112,1,1
BRDA:223,113,0,0
BRDA:223,113,1,1
BRDA:225,114,0,0
BRDA:225,114,1,1
BRDA:226,115,0,0
BRDA:226,115,1,1
BRDA:227,116,0,0
BRDA:227,116,1,1
BRDA:230,117,0,0
BRDA:230,117,1,1
BRDA:234,118,0,0
BRDA:234,118,1,1
BRDA:238,119,0,1
BRDA:238,119,1,0
BRDA:258,120,0,0
BRDA:258,120,1,5
BRDA:259,121,0,1
BRDA:259,121,1,4
BRDA:260,122,0,4
BRDA:260,122,1,0
BRDA:269,123,0,0
BRDA:269,123,1,1
BRDA:270,124,0,0
BRDA:270,124,1,1
BRDA:271,125,0,0
BRDA:271,125,1,1
BRDA:272,126,0,0
BRDA:272,126,1,1
BRDA:272,127,0,1
BRDA:272,127,1,1
BRDA:283,128,0,1
BRDA:283,128,1,4
BRDA:341,129,0,0
BRDA:343,130,0,0
BRDA:343,130,1,1
BRDA:343,131,0,1
BRDA:343,131,1,1
BRDA:344,132,0,0
BRDA:344,132,1,1
BRDA:344,133,0,1
BRDA:344,133,1,1
BRF:268
BRH:98
end_of_record
